Analysis & Synthesis report for hello
Fri Feb 16 01:28:26 2024
Quartus Prime Version 18.1.0 Build 625 09/12/2018 SJ Lite Edition


---------------------
; Table of Contents ;
---------------------
  1. Legal Notice
  2. Analysis & Synthesis Summary
  3. Analysis & Synthesis Settings
  4. Parallel Compilation
  5. Analysis & Synthesis Source Files Read
  6. Analysis & Synthesis Resource Usage Summary
  7. Analysis & Synthesis Resource Utilization by Entity
  8. State Machine - |hello|ss_cntr:ss_cntr_inst|FSM:FSM_inst|state
  9. Registers Removed During Synthesis
 10. Removed Registers Triggering Further Register Optimizations
 11. General Register Statistics
 12. Inverted Register Statistics
 13. Multiplexer Restructuring Statistics (Restructuring Performed)
 14. Source assignments for Top-level Entity: |hello
 15. Parameter Settings for User Entity Instance: Top-level Entity: |hello
 16. Parameter Settings for User Entity Instance: ss_cntr:ss_cntr_inst
 17. Parameter Settings for User Entity Instance: ss_cntr:ss_cntr_inst|cnt_div:cnt_div_inst
 18. Parameter Settings for User Entity Instance: ss_cntr:ss_cntr_inst|cnt_div:cnt_div_word_inst
 19. Parameter Settings for User Entity Instance: ss_cntr:ss_cntr_inst|FSM:FSM_inst
 20. Parameter Settings for User Entity Instance: ss_cntr:ss_cntr_inst|MUX2:MUX2_inst
 21. Post-Synthesis Netlist Statistics for Top Partition
 22. Elapsed Time Per Partition
 23. Analysis & Synthesis Messages
 24. Analysis & Synthesis Suppressed Messages



----------------
; Legal Notice ;
----------------
Copyright (C) 2018  Intel Corporation. All rights reserved.
Your use of Intel Corporation's design tools, logic functions 
and other software and tools, and its AMPP partner logic 
functions, and any output files from any of the foregoing 
(including device programming or simulation files), and any 
associated documentation or information are expressly subject 
to the terms and conditions of the Intel Program License 
Subscription Agreement, the Intel Quartus Prime License Agreement,
the Intel FPGA IP License Agreement, or other applicable license
agreement, including, without limitation, that your use is for
the sole purpose of programming logic devices manufactured by
Intel and sold by Intel or its authorized distributors.  Please
refer to the applicable agreement for further details.



+----------------------------------------------------------------------------------+
; Analysis & Synthesis Summary                                                     ;
+------------------------------------+---------------------------------------------+
; Analysis & Synthesis Status        ; Successful - Fri Feb 16 01:28:26 2024       ;
; Quartus Prime Version              ; 18.1.0 Build 625 09/12/2018 SJ Lite Edition ;
; Revision Name                      ; hello                                       ;
; Top-level Entity Name              ; hello                                       ;
; Family                             ; Cyclone IV E                                ;
; Total logic elements               ; 226                                         ;
;     Total combinational functions  ; 206                                         ;
;     Dedicated logic registers      ; 149                                         ;
; Total registers                    ; 149                                         ;
; Total pins                         ; 21                                          ;
; Total virtual pins                 ; 0                                           ;
; Total memory bits                  ; 0                                           ;
; Embedded Multiplier 9-bit elements ; 0                                           ;
; Total PLLs                         ; 0                                           ;
+------------------------------------+---------------------------------------------+


+------------------------------------------------------------------------------------------------------------+
; Analysis & Synthesis Settings                                                                              ;
+------------------------------------------------------------------+--------------------+--------------------+
; Option                                                           ; Setting            ; Default Value      ;
+------------------------------------------------------------------+--------------------+--------------------+
; Device                                                           ; EP4CE6E22C8        ;                    ;
; Top-level entity name                                            ; hello              ; hello              ;
; Family name                                                      ; Cyclone IV E       ; Cyclone V          ;
; Use smart compilation                                            ; Off                ; Off                ;
; Maximum processors allowed for parallel compilation              ; All                ; All                ;
; Enable parallel Assembler and Timing Analyzer during compilation ; On                 ; On                 ;
; Enable compact report table                                      ; Off                ; Off                ;
; Restructure Multiplexers                                         ; Auto               ; Auto               ;
; Create Debugging Nodes for IP Cores                              ; Off                ; Off                ;
; Preserve fewer node names                                        ; On                 ; On                 ;
; Intel FPGA IP Evaluation Mode                                    ; Enable             ; Enable             ;
; Verilog Version                                                  ; Verilog_2001       ; Verilog_2001       ;
; VHDL Version                                                     ; VHDL_1993          ; VHDL_1993          ;
; State Machine Processing                                         ; Auto               ; Auto               ;
; Safe State Machine                                               ; Off                ; Off                ;
; Extract Verilog State Machines                                   ; On                 ; On                 ;
; Extract VHDL State Machines                                      ; On                 ; On                 ;
; Ignore Verilog initial constructs                                ; Off                ; Off                ;
; Iteration limit for constant Verilog loops                       ; 5000               ; 5000               ;
; Iteration limit for non-constant Verilog loops                   ; 250                ; 250                ;
; Add Pass-Through Logic to Inferred RAMs                          ; On                 ; On                 ;
; Infer RAMs from Raw Logic                                        ; On                 ; On                 ;
; Parallel Synthesis                                               ; On                 ; On                 ;
; DSP Block Balancing                                              ; Auto               ; Auto               ;
; NOT Gate Push-Back                                               ; On                 ; On                 ;
; Power-Up Don't Care                                              ; On                 ; On                 ;
; Remove Redundant Logic Cells                                     ; Off                ; Off                ;
; Remove Duplicate Registers                                       ; On                 ; On                 ;
; Ignore CARRY Buffers                                             ; Off                ; Off                ;
; Ignore CASCADE Buffers                                           ; Off                ; Off                ;
; Ignore GLOBAL Buffers                                            ; Off                ; Off                ;
; Ignore ROW GLOBAL Buffers                                        ; Off                ; Off                ;
; Ignore LCELL Buffers                                             ; Off                ; Off                ;
; Ignore SOFT Buffers                                              ; On                 ; On                 ;
; Limit AHDL Integers to 32 Bits                                   ; Off                ; Off                ;
; Optimization Technique                                           ; Balanced           ; Balanced           ;
; Carry Chain Length                                               ; 70                 ; 70                 ;
; Auto Carry Chains                                                ; On                 ; On                 ;
; Auto Open-Drain Pins                                             ; On                 ; On                 ;
; Perform WYSIWYG Primitive Resynthesis                            ; Off                ; Off                ;
; Auto ROM Replacement                                             ; On                 ; On                 ;
; Auto RAM Replacement                                             ; On                 ; On                 ;
; Auto DSP Block Replacement                                       ; On                 ; On                 ;
; Auto Shift Register Replacement                                  ; Auto               ; Auto               ;
; Allow Shift Register Merging across Hierarchies                  ; Auto               ; Auto               ;
; Auto Clock Enable Replacement                                    ; On                 ; On                 ;
; Strict RAM Replacement                                           ; Off                ; Off                ;
; Allow Synchronous Control Signals                                ; On                 ; On                 ;
; Force Use of Synchronous Clear Signals                           ; Off                ; Off                ;
; Auto RAM Block Balancing                                         ; On                 ; On                 ;
; Auto RAM to Logic Cell Conversion                                ; Off                ; Off                ;
; Auto Resource Sharing                                            ; Off                ; Off                ;
; Allow Any RAM Size For Recognition                               ; Off                ; Off                ;
; Allow Any ROM Size For Recognition                               ; Off                ; Off                ;
; Allow Any Shift Register Size For Recognition                    ; Off                ; Off                ;
; Use LogicLock Constraints during Resource Balancing              ; On                 ; On                 ;
; Ignore translate_off and synthesis_off directives                ; Off                ; Off                ;
; Timing-Driven Synthesis                                          ; On                 ; On                 ;
; Report Parameter Settings                                        ; On                 ; On                 ;
; Report Source Assignments                                        ; On                 ; On                 ;
; Report Connectivity Checks                                       ; On                 ; On                 ;
; Ignore Maximum Fan-Out Assignments                               ; Off                ; Off                ;
; Synchronization Register Chain Length                            ; 2                  ; 2                  ;
; Power Optimization During Synthesis                              ; Normal compilation ; Normal compilation ;
; HDL message level                                                ; Level2             ; Level2             ;
; Suppress Register Optimization Related Messages                  ; Off                ; Off                ;
; Number of Removed Registers Reported in Synthesis Report         ; 5000               ; 5000               ;
; Number of Swept Nodes Reported in Synthesis Report               ; 5000               ; 5000               ;
; Number of Inverted Registers Reported in Synthesis Report        ; 100                ; 100                ;
; Clock MUX Protection                                             ; On                 ; On                 ;
; Auto Gated Clock Conversion                                      ; Off                ; Off                ;
; Block Design Naming                                              ; Auto               ; Auto               ;
; SDC constraint protection                                        ; Off                ; Off                ;
; Synthesis Effort                                                 ; Auto               ; Auto               ;
; Shift Register Replacement - Allow Asynchronous Clear Signal     ; On                 ; On                 ;
; Pre-Mapping Resynthesis Optimization                             ; Off                ; Off                ;
; Analysis & Synthesis Message Level                               ; Medium             ; Medium             ;
; Disable Register Merging Across Hierarchies                      ; Auto               ; Auto               ;
; Resource Aware Inference For Block RAM                           ; On                 ; On                 ;
+------------------------------------------------------------------+--------------------+--------------------+


+------------------------------------------+
; Parallel Compilation                     ;
+----------------------------+-------------+
; Processors                 ; Number      ;
+----------------------------+-------------+
; Number detected on machine ; 8           ;
; Maximum allowed            ; 4           ;
;                            ;             ;
; Average used               ; 1.00        ;
; Maximum used               ; 4           ;
;                            ;             ;
; Usage by Processor         ; % Time Used ;
;     Processor 1            ; 100.0%      ;
;     Processors 2-4         ;   0.0%      ;
+----------------------------+-------------+


+------------------------------------------------------------------------------------------------------------------------------------------------------+
; Analysis & Synthesis Source Files Read                                                                                                               ;
+----------------------------------+-----------------+------------------------------+--------------------------------------------------------+---------+
; File Name with User-Entered Path ; Used in Netlist ; File Type                    ; File Name with Absolute Path                           ; Library ;
+----------------------------------+-----------------+------------------------------+--------------------------------------------------------+---------+
; word_gen.sv                      ; yes             ; User SystemVerilog HDL File  ; C:/QuartusProjects/verilog-portfolio/hello/word_gen.sv ;         ;
; ss_rg.sv                         ; yes             ; User SystemVerilog HDL File  ; C:/QuartusProjects/verilog-portfolio/hello/ss_rg.sv    ;         ;
; ss_cntr.sv                       ; yes             ; User SystemVerilog HDL File  ; C:/QuartusProjects/verilog-portfolio/hello/ss_cntr.sv  ;         ;
; rst_rg.sv                        ; yes             ; User SystemVerilog HDL File  ; C:/QuartusProjects/verilog-portfolio/hello/rst_rg.sv   ;         ;
; MUX2.sv                          ; yes             ; User SystemVerilog HDL File  ; C:/QuartusProjects/verilog-portfolio/hello/MUX2.sv     ;         ;
; hello.sv                         ; yes             ; User SystemVerilog HDL File  ; C:/QuartusProjects/verilog-portfolio/hello/hello.sv    ;         ;
; FSM.sv                           ; yes             ; User SystemVerilog HDL File  ; C:/QuartusProjects/verilog-portfolio/hello/FSM.sv      ;         ;
; d_rg.sv                          ; yes             ; User SystemVerilog HDL File  ; C:/QuartusProjects/verilog-portfolio/hello/d_rg.sv     ;         ;
; dig_rg.sv                        ; yes             ; User SystemVerilog HDL File  ; C:/QuartusProjects/verilog-portfolio/hello/dig_rg.sv   ;         ;
; cnt_div.sv                       ; yes             ; User SystemVerilog HDL File  ; C:/QuartusProjects/verilog-portfolio/hello/cnt_div.sv  ;         ;
; b2ss.sv                          ; yes             ; User SystemVerilog HDL File  ; C:/QuartusProjects/verilog-portfolio/hello/b2ss.sv     ;         ;
+----------------------------------+-----------------+------------------------------+--------------------------------------------------------+---------+


+---------------------------------------------------------+
; Analysis & Synthesis Resource Usage Summary             ;
+---------------------------------------------+-----------+
; Resource                                    ; Usage     ;
+---------------------------------------------+-----------+
; Estimated Total logic elements              ; 226       ;
;                                             ;           ;
; Total combinational functions               ; 206       ;
; Logic element usage by number of LUT inputs ;           ;
;     -- 4 input functions                    ; 91        ;
;     -- 3 input functions                    ; 13        ;
;     -- <=2 input functions                  ; 102       ;
;                                             ;           ;
; Logic elements by mode                      ;           ;
;     -- normal mode                          ; 142       ;
;     -- arithmetic mode                      ; 64        ;
;                                             ;           ;
; Total registers                             ; 149       ;
;     -- Dedicated logic registers            ; 149       ;
;     -- I/O registers                        ; 0         ;
;                                             ;           ;
; I/O pins                                    ; 21        ;
;                                             ;           ;
; Embedded Multiplier 9-bit elements          ; 0         ;
;                                             ;           ;
; Maximum fan-out node                        ; clk~input ;
; Maximum fan-out                             ; 70        ;
; Total fan-out                               ; 1042      ;
; Average fan-out                             ; 2.62      ;
+---------------------------------------------+-----------+


+---------------------------------------------------------------------------------------------------------------------------------------------------------------------------------------------------------------------------------------------------+
; Analysis & Synthesis Resource Utilization by Entity                                                                                                                                                                                               ;
+-----------------------------------+---------------------+---------------------------+-------------+--------------+---------+-----------+------+--------------+-------------------------------------------------------+-------------+--------------+
; Compilation Hierarchy Node        ; Combinational ALUTs ; Dedicated Logic Registers ; Memory Bits ; DSP Elements ; DSP 9x9 ; DSP 18x18 ; Pins ; Virtual Pins ; Full Hierarchy Name                                   ; Entity Name ; Library Name ;
+-----------------------------------+---------------------+---------------------------+-------------+--------------+---------+-----------+------+--------------+-------------------------------------------------------+-------------+--------------+
; |hello                            ; 206 (0)             ; 149 (0)                   ; 0           ; 0            ; 0       ; 0         ; 21   ; 0            ; |hello                                                ; hello       ; work         ;
;    |ss_cntr:ss_cntr_inst|         ; 206 (0)             ; 149 (0)                   ; 0           ; 0            ; 0       ; 0         ; 0    ; 0            ; |hello|ss_cntr:ss_cntr_inst                           ; ss_cntr     ; work         ;
;       |FSM:FSM_inst|              ; 4 (4)               ; 4 (4)                     ; 0           ; 0            ; 0       ; 0         ; 0    ; 0            ; |hello|ss_cntr:ss_cntr_inst|FSM:FSM_inst              ; FSM         ; work         ;
;       |MUX2:MUX2_inst|            ; 10 (10)             ; 0 (0)                     ; 0           ; 0            ; 0       ; 0         ; 0    ; 0            ; |hello|ss_cntr:ss_cntr_inst|MUX2:MUX2_inst            ; MUX2        ; work         ;
;       |b2ss:b2ss_inst|            ; 18 (18)             ; 0 (0)                     ; 0           ; 0            ; 0       ; 0         ; 0    ; 0            ; |hello|ss_cntr:ss_cntr_inst|b2ss:b2ss_inst            ; b2ss        ; work         ;
;       |cnt_div:cnt_div_inst|      ; 44 (44)             ; 33 (33)                   ; 0           ; 0            ; 0       ; 0         ; 0    ; 0            ; |hello|ss_cntr:ss_cntr_inst|cnt_div:cnt_div_inst      ; cnt_div     ; work         ;
;       |cnt_div:cnt_div_word_inst| ; 44 (44)             ; 33 (33)                   ; 0           ; 0            ; 0       ; 0         ; 0    ; 0            ; |hello|ss_cntr:ss_cntr_inst|cnt_div:cnt_div_word_inst ; cnt_div     ; work         ;
;       |d_rg:d_rg_inst|            ; 20 (20)             ; 20 (20)                   ; 0           ; 0            ; 0       ; 0         ; 0    ; 0            ; |hello|ss_cntr:ss_cntr_inst|d_rg:d_rg_inst            ; d_rg        ; work         ;
;       |dig_rg:dig_rg_inst|        ; 4 (4)               ; 4 (4)                     ; 0           ; 0            ; 0       ; 0         ; 0    ; 0            ; |hello|ss_cntr:ss_cntr_inst|dig_rg:dig_rg_inst        ; dig_rg      ; work         ;
;       |rst_rg:rst_rg_inst|        ; 0 (0)               ; 2 (2)                     ; 0           ; 0            ; 0       ; 0         ; 0    ; 0            ; |hello|ss_cntr:ss_cntr_inst|rst_rg:rst_rg_inst        ; rst_rg      ; work         ;
;       |ss_rg:ss_rg_inst|          ; 0 (0)               ; 7 (7)                     ; 0           ; 0            ; 0       ; 0         ; 0    ; 0            ; |hello|ss_cntr:ss_cntr_inst|ss_rg:ss_rg_inst          ; ss_rg       ; work         ;
;       |word_gen:word_gen_inst|    ; 62 (62)             ; 46 (46)                   ; 0           ; 0            ; 0       ; 0         ; 0    ; 0            ; |hello|ss_cntr:ss_cntr_inst|word_gen:word_gen_inst    ; word_gen    ; work         ;
+-----------------------------------+---------------------+---------------------------+-------------+--------------+---------+-----------+------+--------------+-------------------------------------------------------+-------------+--------------+
Note: For table entries with two numbers listed, the numbers in parentheses indicate the number of resources of the given type used by the specific entity alone. The numbers listed outside of parentheses indicate the total resources of the given type used by the specific entity and all of its sub-entities in the hierarchy.


Encoding Type:  One-Hot
+----------------------------------------------------------------+
; State Machine - |hello|ss_cntr:ss_cntr_inst|FSM:FSM_inst|state ;
+----------+----------+----------+----------+--------------------+
; Name     ; state.S3 ; state.S2 ; state.S1 ; state.S0           ;
+----------+----------+----------+----------+--------------------+
; state.S0 ; 0        ; 0        ; 0        ; 0                  ;
; state.S1 ; 0        ; 0        ; 1        ; 1                  ;
; state.S2 ; 0        ; 1        ; 0        ; 1                  ;
; state.S3 ; 1        ; 0        ; 0        ; 1                  ;
+----------+----------+----------+----------+--------------------+


+------------------------------------------------------------------------------------------------------------------------------------+
; Registers Removed During Synthesis                                                                                                 ;
+------------------------------------------------------------+-----------------------------------------------------------------------+
; Register name                                              ; Reason for Removal                                                    ;
+------------------------------------------------------------+-----------------------------------------------------------------------+
; ss_cntr:ss_cntr_inst|word_gen:word_gen_inst|sw_old[4]      ; Merged with ss_cntr:ss_cntr_inst|word_gen:word_gen_inst|first_type[0] ;
; ss_cntr:ss_cntr_inst|word_gen:word_gen_inst|sw_old[5]      ; Merged with ss_cntr:ss_cntr_inst|word_gen:word_gen_inst|first_type[1] ;
; ss_cntr:ss_cntr_inst|word_gen:word_gen_inst|sw_old[6]      ; Merged with ss_cntr:ss_cntr_inst|word_gen:word_gen_inst|first_type[2] ;
; ss_cntr:ss_cntr_inst|word_gen:word_gen_inst|sw_old[7]      ; Merged with ss_cntr:ss_cntr_inst|word_gen:word_gen_inst|first_type[3] ;
; ss_cntr:ss_cntr_inst|FSM:FSM_inst|state~4                  ; Lost fanout                                                           ;
; ss_cntr:ss_cntr_inst|FSM:FSM_inst|state~5                  ; Lost fanout                                                           ;
; ss_cntr:ss_cntr_inst|word_gen:word_gen_inst|world_ROM~0    ; Stuck at GND due to stuck port clock                                  ;
; ss_cntr:ss_cntr_inst|word_gen:word_gen_inst|world_ROM~1    ; Stuck at GND due to stuck port clock                                  ;
; ss_cntr:ss_cntr_inst|word_gen:word_gen_inst|world_ROM~2    ; Stuck at GND due to stuck port clock                                  ;
; ss_cntr:ss_cntr_inst|word_gen:word_gen_inst|world_ROM~3    ; Stuck at GND due to stuck port clock                                  ;
; ss_cntr:ss_cntr_inst|word_gen:word_gen_inst|world_ROM~4    ; Stuck at GND due to stuck port clock                                  ;
; ss_cntr:ss_cntr_inst|word_gen:word_gen_inst|world_ROM~5    ; Stuck at GND due to stuck port clock                                  ;
; ss_cntr:ss_cntr_inst|word_gen:word_gen_inst|world_ROM~6    ; Stuck at GND due to stuck port clock                                  ;
; ss_cntr:ss_cntr_inst|word_gen:word_gen_inst|world_ROM~7    ; Stuck at GND due to stuck port clock                                  ;
; ss_cntr:ss_cntr_inst|word_gen:word_gen_inst|world_ROM~8    ; Stuck at GND due to stuck port clock                                  ;
; ss_cntr:ss_cntr_inst|word_gen:word_gen_inst|world_ROM~9    ; Stuck at GND due to stuck port clock                                  ;
; ss_cntr:ss_cntr_inst|word_gen:word_gen_inst|world_ROM~10   ; Stuck at GND due to stuck port clock                                  ;
; ss_cntr:ss_cntr_inst|word_gen:word_gen_inst|world_ROM~11   ; Stuck at GND due to stuck port clock                                  ;
; ss_cntr:ss_cntr_inst|word_gen:word_gen_inst|world_ROM~12   ; Stuck at GND due to stuck port clock                                  ;
; ss_cntr:ss_cntr_inst|word_gen:word_gen_inst|world_ROM~13   ; Stuck at GND due to stuck port clock                                  ;
; ss_cntr:ss_cntr_inst|word_gen:word_gen_inst|world_ROM~14   ; Stuck at GND due to stuck port clock                                  ;
; ss_cntr:ss_cntr_inst|word_gen:word_gen_inst|world_ROM~15   ; Stuck at GND due to stuck port clock                                  ;
; ss_cntr:ss_cntr_inst|word_gen:word_gen_inst|world_ROM~16   ; Stuck at GND due to stuck port clock                                  ;
; ss_cntr:ss_cntr_inst|word_gen:word_gen_inst|world_ROM~17   ; Stuck at GND due to stuck port clock                                  ;
; ss_cntr:ss_cntr_inst|word_gen:word_gen_inst|world_ROM~18   ; Stuck at GND due to stuck port clock                                  ;
; ss_cntr:ss_cntr_inst|word_gen:word_gen_inst|world_ROM~19   ; Stuck at GND due to stuck port clock                                  ;
; ss_cntr:ss_cntr_inst|word_gen:word_gen_inst|world_ROM~20   ; Stuck at GND due to stuck port clock                                  ;
; ss_cntr:ss_cntr_inst|word_gen:word_gen_inst|world_ROM~21   ; Stuck at GND due to stuck port clock                                  ;
; ss_cntr:ss_cntr_inst|word_gen:word_gen_inst|world_ROM~22   ; Stuck at GND due to stuck port clock                                  ;
; ss_cntr:ss_cntr_inst|word_gen:word_gen_inst|world_ROM~23   ; Stuck at GND due to stuck port clock                                  ;
; ss_cntr:ss_cntr_inst|word_gen:word_gen_inst|world_ROM~24   ; Stuck at GND due to stuck port clock                                  ;
; ss_cntr:ss_cntr_inst|word_gen:word_gen_inst|world_ROM~25   ; Stuck at GND due to stuck port clock                                  ;
; ss_cntr:ss_cntr_inst|word_gen:word_gen_inst|world_ROM~26   ; Stuck at GND due to stuck port clock                                  ;
; ss_cntr:ss_cntr_inst|word_gen:word_gen_inst|world_ROM~27   ; Stuck at GND due to stuck port clock                                  ;
; ss_cntr:ss_cntr_inst|word_gen:word_gen_inst|world_ROM~28   ; Stuck at GND due to stuck port clock                                  ;
; ss_cntr:ss_cntr_inst|word_gen:word_gen_inst|world_ROM~29   ; Stuck at GND due to stuck port clock                                  ;
; ss_cntr:ss_cntr_inst|word_gen:word_gen_inst|world_ROM~30   ; Stuck at GND due to stuck port clock                                  ;
; ss_cntr:ss_cntr_inst|word_gen:word_gen_inst|world_ROM~31   ; Stuck at GND due to stuck port clock                                  ;
; ss_cntr:ss_cntr_inst|word_gen:word_gen_inst|world_ROM~32   ; Stuck at GND due to stuck port clock                                  ;
; ss_cntr:ss_cntr_inst|word_gen:word_gen_inst|world_ROM~33   ; Stuck at GND due to stuck port clock                                  ;
; ss_cntr:ss_cntr_inst|word_gen:word_gen_inst|world_ROM~34   ; Stuck at GND due to stuck port clock                                  ;
; ss_cntr:ss_cntr_inst|word_gen:word_gen_inst|hello_ROM~0    ; Stuck at GND due to stuck port clock                                  ;
; ss_cntr:ss_cntr_inst|word_gen:word_gen_inst|hello_ROM~1    ; Stuck at GND due to stuck port clock                                  ;
; ss_cntr:ss_cntr_inst|word_gen:word_gen_inst|hello_ROM~2    ; Stuck at GND due to stuck port clock                                  ;
; ss_cntr:ss_cntr_inst|word_gen:word_gen_inst|hello_ROM~3    ; Stuck at GND due to stuck port clock                                  ;
; ss_cntr:ss_cntr_inst|word_gen:word_gen_inst|hello_ROM~4    ; Stuck at GND due to stuck port clock                                  ;
; ss_cntr:ss_cntr_inst|word_gen:word_gen_inst|hello_ROM~5    ; Stuck at GND due to stuck port clock                                  ;
; ss_cntr:ss_cntr_inst|word_gen:word_gen_inst|hello_ROM~6    ; Stuck at GND due to stuck port clock                                  ;
; ss_cntr:ss_cntr_inst|word_gen:word_gen_inst|hello_ROM~7    ; Stuck at GND due to stuck port clock                                  ;
; ss_cntr:ss_cntr_inst|word_gen:word_gen_inst|hello_ROM~8    ; Stuck at GND due to stuck port clock                                  ;
; ss_cntr:ss_cntr_inst|word_gen:word_gen_inst|hello_ROM~9    ; Stuck at GND due to stuck port clock                                  ;
; ss_cntr:ss_cntr_inst|word_gen:word_gen_inst|hello_ROM~10   ; Stuck at GND due to stuck port clock                                  ;
; ss_cntr:ss_cntr_inst|word_gen:word_gen_inst|hello_ROM~11   ; Stuck at GND due to stuck port clock                                  ;
; ss_cntr:ss_cntr_inst|word_gen:word_gen_inst|hello_ROM~12   ; Stuck at GND due to stuck port clock                                  ;
; ss_cntr:ss_cntr_inst|word_gen:word_gen_inst|hello_ROM~13   ; Stuck at GND due to stuck port clock                                  ;
; ss_cntr:ss_cntr_inst|word_gen:word_gen_inst|hello_ROM~14   ; Stuck at GND due to stuck port clock                                  ;
; ss_cntr:ss_cntr_inst|word_gen:word_gen_inst|hello_ROM~15   ; Stuck at GND due to stuck port clock                                  ;
; ss_cntr:ss_cntr_inst|word_gen:word_gen_inst|hello_ROM~16   ; Stuck at GND due to stuck port clock                                  ;
; ss_cntr:ss_cntr_inst|word_gen:word_gen_inst|hello_ROM~17   ; Stuck at GND due to stuck port clock                                  ;
; ss_cntr:ss_cntr_inst|word_gen:word_gen_inst|hello_ROM~18   ; Stuck at GND due to stuck port clock                                  ;
; ss_cntr:ss_cntr_inst|word_gen:word_gen_inst|hello_ROM~19   ; Stuck at GND due to stuck port clock                                  ;
; ss_cntr:ss_cntr_inst|word_gen:word_gen_inst|hello_ROM~20   ; Stuck at GND due to stuck port clock                                  ;
; ss_cntr:ss_cntr_inst|word_gen:word_gen_inst|hello_ROM~21   ; Stuck at GND due to stuck port clock                                  ;
; ss_cntr:ss_cntr_inst|word_gen:word_gen_inst|hello_ROM~22   ; Stuck at GND due to stuck port clock                                  ;
; ss_cntr:ss_cntr_inst|word_gen:word_gen_inst|hello_ROM~23   ; Stuck at GND due to stuck port clock                                  ;
; ss_cntr:ss_cntr_inst|word_gen:word_gen_inst|hello_ROM~24   ; Stuck at GND due to stuck port clock                                  ;
; ss_cntr:ss_cntr_inst|word_gen:word_gen_inst|hello_ROM~25   ; Stuck at GND due to stuck port clock                                  ;
; ss_cntr:ss_cntr_inst|word_gen:word_gen_inst|hello_ROM~26   ; Stuck at GND due to stuck port clock                                  ;
; ss_cntr:ss_cntr_inst|word_gen:word_gen_inst|hello_ROM~27   ; Stuck at GND due to stuck port clock                                  ;
; ss_cntr:ss_cntr_inst|word_gen:word_gen_inst|hello_ROM~28   ; Stuck at GND due to stuck port clock                                  ;
; ss_cntr:ss_cntr_inst|word_gen:word_gen_inst|hello_ROM~29   ; Stuck at GND due to stuck port clock                                  ;
; ss_cntr:ss_cntr_inst|word_gen:word_gen_inst|goodbye_ROM~0  ; Stuck at GND due to stuck port clock                                  ;
; ss_cntr:ss_cntr_inst|word_gen:word_gen_inst|goodbye_ROM~1  ; Stuck at GND due to stuck port clock                                  ;
; ss_cntr:ss_cntr_inst|word_gen:word_gen_inst|goodbye_ROM~2  ; Stuck at GND due to stuck port clock                                  ;
; ss_cntr:ss_cntr_inst|word_gen:word_gen_inst|goodbye_ROM~3  ; Stuck at GND due to stuck port clock                                  ;
; ss_cntr:ss_cntr_inst|word_gen:word_gen_inst|goodbye_ROM~4  ; Stuck at GND due to stuck port clock                                  ;
; ss_cntr:ss_cntr_inst|word_gen:word_gen_inst|goodbye_ROM~5  ; Stuck at GND due to stuck port clock                                  ;
; ss_cntr:ss_cntr_inst|word_gen:word_gen_inst|goodbye_ROM~6  ; Stuck at GND due to stuck port clock                                  ;
; ss_cntr:ss_cntr_inst|word_gen:word_gen_inst|goodbye_ROM~7  ; Stuck at GND due to stuck port clock                                  ;
; ss_cntr:ss_cntr_inst|word_gen:word_gen_inst|goodbye_ROM~8  ; Stuck at GND due to stuck port clock                                  ;
; ss_cntr:ss_cntr_inst|word_gen:word_gen_inst|goodbye_ROM~9  ; Stuck at GND due to stuck port clock                                  ;
; ss_cntr:ss_cntr_inst|word_gen:word_gen_inst|goodbye_ROM~10 ; Stuck at GND due to stuck port clock                                  ;
; ss_cntr:ss_cntr_inst|word_gen:word_gen_inst|goodbye_ROM~11 ; Stuck at GND due to stuck port clock                                  ;
; ss_cntr:ss_cntr_inst|word_gen:word_gen_inst|goodbye_ROM~12 ; Stuck at GND due to stuck port clock                                  ;
; ss_cntr:ss_cntr_inst|word_gen:word_gen_inst|goodbye_ROM~13 ; Stuck at GND due to stuck port clock                                  ;
; ss_cntr:ss_cntr_inst|word_gen:word_gen_inst|goodbye_ROM~14 ; Stuck at GND due to stuck port clock                                  ;
; ss_cntr:ss_cntr_inst|word_gen:word_gen_inst|goodbye_ROM~15 ; Stuck at GND due to stuck port clock                                  ;
; ss_cntr:ss_cntr_inst|word_gen:word_gen_inst|goodbye_ROM~16 ; Stuck at GND due to stuck port clock                                  ;
; ss_cntr:ss_cntr_inst|word_gen:word_gen_inst|goodbye_ROM~17 ; Stuck at GND due to stuck port clock                                  ;
; ss_cntr:ss_cntr_inst|word_gen:word_gen_inst|goodbye_ROM~18 ; Stuck at GND due to stuck port clock                                  ;
; ss_cntr:ss_cntr_inst|word_gen:word_gen_inst|goodbye_ROM~19 ; Stuck at GND due to stuck port clock                                  ;
; ss_cntr:ss_cntr_inst|word_gen:word_gen_inst|goodbye_ROM~20 ; Stuck at GND due to stuck port clock                                  ;
; ss_cntr:ss_cntr_inst|word_gen:word_gen_inst|goodbye_ROM~21 ; Stuck at GND due to stuck port clock                                  ;
; ss_cntr:ss_cntr_inst|word_gen:word_gen_inst|goodbye_ROM~22 ; Stuck at GND due to stuck port clock                                  ;
; ss_cntr:ss_cntr_inst|word_gen:word_gen_inst|goodbye_ROM~23 ; Stuck at GND due to stuck port clock                                  ;
; ss_cntr:ss_cntr_inst|word_gen:word_gen_inst|goodbye_ROM~24 ; Stuck at GND due to stuck port clock                                  ;
; ss_cntr:ss_cntr_inst|word_gen:word_gen_inst|goodbye_ROM~25 ; Stuck at GND due to stuck port clock                                  ;
; ss_cntr:ss_cntr_inst|word_gen:word_gen_inst|goodbye_ROM~26 ; Stuck at GND due to stuck port clock                                  ;
; ss_cntr:ss_cntr_inst|word_gen:word_gen_inst|goodbye_ROM~27 ; Stuck at GND due to stuck port clock                                  ;
; ss_cntr:ss_cntr_inst|word_gen:word_gen_inst|goodbye_ROM~28 ; Stuck at GND due to stuck port clock                                  ;
; ss_cntr:ss_cntr_inst|word_gen:word_gen_inst|goodbye_ROM~29 ; Stuck at GND due to stuck port clock                                  ;
; ss_cntr:ss_cntr_inst|word_gen:word_gen_inst|goodbye_ROM~30 ; Stuck at GND due to stuck port clock                                  ;
; ss_cntr:ss_cntr_inst|word_gen:word_gen_inst|goodbye_ROM~31 ; Stuck at GND due to stuck port clock                                  ;
; ss_cntr:ss_cntr_inst|word_gen:word_gen_inst|goodbye_ROM~32 ; Stuck at GND due to stuck port clock                                  ;
; ss_cntr:ss_cntr_inst|word_gen:word_gen_inst|goodbye_ROM~33 ; Stuck at GND due to stuck port clock                                  ;
; ss_cntr:ss_cntr_inst|word_gen:word_gen_inst|goodbye_ROM~34 ; Stuck at GND due to stuck port clock                                  ;
; ss_cntr:ss_cntr_inst|word_gen:word_gen_inst|goodbye_ROM~35 ; Stuck at GND due to stuck port clock                                  ;
; ss_cntr:ss_cntr_inst|word_gen:word_gen_inst|goodbye_ROM~36 ; Stuck at GND due to stuck port clock                                  ;
; ss_cntr:ss_cntr_inst|word_gen:word_gen_inst|goodbye_ROM~37 ; Stuck at GND due to stuck port clock                                  ;
; ss_cntr:ss_cntr_inst|word_gen:word_gen_inst|goodbye_ROM~38 ; Stuck at GND due to stuck port clock                                  ;
; ss_cntr:ss_cntr_inst|word_gen:word_gen_inst|goodbye_ROM~39 ; Stuck at GND due to stuck port clock                                  ;
; ss_cntr:ss_cntr_inst|word_gen:word_gen_inst|i[3..7]        ; Lost fanout                                                           ;
; Total Number of Removed Registers = 116                    ;                                                                       ;
+------------------------------------------------------------+-----------------------------------------------------------------------+


+---------------------------------------------------------------------------------------------------------------------------+
; Removed Registers Triggering Further Register Optimizations                                                               ;
+--------------------------------------------------+--------------------+---------------------------------------------------+
; Register name                                    ; Reason for Removal ; Registers Removed due to This Register            ;
+--------------------------------------------------+--------------------+---------------------------------------------------+
; ss_cntr:ss_cntr_inst|word_gen:word_gen_inst|i[7] ; Lost Fanouts       ; ss_cntr:ss_cntr_inst|word_gen:word_gen_inst|i[6], ;
;                                                  ;                    ; ss_cntr:ss_cntr_inst|word_gen:word_gen_inst|i[5], ;
;                                                  ;                    ; ss_cntr:ss_cntr_inst|word_gen:word_gen_inst|i[4], ;
;                                                  ;                    ; ss_cntr:ss_cntr_inst|word_gen:word_gen_inst|i[3]  ;
+--------------------------------------------------+--------------------+---------------------------------------------------+


+------------------------------------------------------+
; General Register Statistics                          ;
+----------------------------------------------+-------+
; Statistic                                    ; Value ;
+----------------------------------------------+-------+
; Total registers                              ; 149   ;
; Number of registers using Synchronous Clear  ; 71    ;
; Number of registers using Synchronous Load   ; 0     ;
; Number of registers using Asynchronous Clear ; 33    ;
; Number of registers using Asynchronous Load  ; 0     ;
; Number of registers using Clock Enable       ; 6     ;
; Number of registers using Preset             ; 0     ;
+----------------------------------------------+-------+


+------------------------------------------------------------------+
; Inverted Register Statistics                                     ;
+--------------------------------------------------------+---------+
; Inverted Register                                      ; Fan out ;
+--------------------------------------------------------+---------+
; ss_cntr:ss_cntr_inst|word_gen:word_gen_inst|A[1]       ; 1       ;
; ss_cntr:ss_cntr_inst|word_gen:word_gen_inst|C[1]       ; 2       ;
; ss_cntr:ss_cntr_inst|word_gen:word_gen_inst|B[1]       ; 2       ;
; ss_cntr:ss_cntr_inst|word_gen:word_gen_inst|D[1]       ; 2       ;
; ss_cntr:ss_cntr_inst|word_gen:word_gen_inst|C[2]       ; 2       ;
; ss_cntr:ss_cntr_inst|word_gen:word_gen_inst|A[2]       ; 1       ;
; ss_cntr:ss_cntr_inst|word_gen:word_gen_inst|B[2]       ; 2       ;
; ss_cntr:ss_cntr_inst|word_gen:word_gen_inst|D[2]       ; 2       ;
; ss_cntr:ss_cntr_inst|word_gen:word_gen_inst|A[3]       ; 1       ;
; ss_cntr:ss_cntr_inst|word_gen:word_gen_inst|C[3]       ; 2       ;
; ss_cntr:ss_cntr_inst|word_gen:word_gen_inst|B[3]       ; 2       ;
; ss_cntr:ss_cntr_inst|word_gen:word_gen_inst|D[3]       ; 2       ;
; ss_cntr:ss_cntr_inst|word_gen:word_gen_inst|C[4]       ; 2       ;
; ss_cntr:ss_cntr_inst|word_gen:word_gen_inst|A[4]       ; 1       ;
; ss_cntr:ss_cntr_inst|word_gen:word_gen_inst|B[4]       ; 2       ;
; ss_cntr:ss_cntr_inst|word_gen:word_gen_inst|D[4]       ; 2       ;
; ss_cntr:ss_cntr_inst|word_gen:word_gen_inst|next[1]    ; 21      ;
; ss_cntr:ss_cntr_inst|word_gen:word_gen_inst|read_first ; 34      ;
; ss_cntr:ss_cntr_inst|word_gen:word_gen_inst|next[0]    ; 1       ;
; ss_cntr:ss_cntr_inst|word_gen:word_gen_inst|next[4]    ; 1       ;
; ss_cntr:ss_cntr_inst|word_gen:word_gen_inst|next[3]    ; 1       ;
; ss_cntr:ss_cntr_inst|word_gen:word_gen_inst|next[2]    ; 1       ;
; Total number of inverted registers = 22                ;         ;
+--------------------------------------------------------+---------+


+------------------------------------------------------------------------------------------------------------------------------------------------------------------------------+
; Multiplexer Restructuring Statistics (Restructuring Performed)                                                                                                               ;
+--------------------+-----------+---------------+----------------------+------------------------+------------+----------------------------------------------------------------+
; Multiplexer Inputs ; Bus Width ; Baseline Area ; Area if Restructured ; Saving if Restructured ; Registered ; Example Multiplexer Output                                     ;
+--------------------+-----------+---------------+----------------------+------------------------+------------+----------------------------------------------------------------+
; 3:1                ; 32 bits   ; 64 LEs        ; 32 LEs               ; 32 LEs                 ; Yes        ; |hello|ss_cntr:ss_cntr_inst|cnt_div:cnt_div_inst|count[4]      ;
; 3:1                ; 32 bits   ; 64 LEs        ; 32 LEs               ; 32 LEs                 ; Yes        ; |hello|ss_cntr:ss_cntr_inst|cnt_div:cnt_div_word_inst|count[6] ;
; 4:1                ; 9 bits    ; 18 LEs        ; 18 LEs               ; 0 LEs                  ; Yes        ; |hello|ss_cntr:ss_cntr_inst|word_gen:word_gen_inst|D[1]        ;
; 4:1                ; 5 bits    ; 10 LEs        ; 10 LEs               ; 0 LEs                  ; No         ; |hello|ss_cntr:ss_cntr_inst|MUX2:MUX2_inst|Mux2                ;
+--------------------+-----------+---------------+----------------------+------------------------+------------+----------------------------------------------------------------+


+-------------------------------------------------+
; Source assignments for Top-level Entity: |hello ;
+-------------+-------------+------+--------------+
; Assignment  ; Value       ; From ; To           ;
+-------------+-------------+------+--------------+
; LOCATION    ; Pin_84      ; -    ; ss[6]        ;
; LOCATION    ; Pin_76      ; -    ; ss[5]        ;
; LOCATION    ; Pin_85      ; -    ; ss[4]        ;
; LOCATION    ; Pin_77      ; -    ; ss[3]        ;
; LOCATION    ; Pin_86      ; -    ; ss[2]        ;
; LOCATION    ; Pin_133     ; -    ; ss[1]        ;
; LOCATION    ; Pin_87      ; -    ; ss[0]        ;
; LOCATION    ; Pin_73      ; -    ; dig[4]       ;
; LOCATION    ; Pin_80      ; -    ; dig[3]       ;
; LOCATION    ; Pin_74      ; -    ; dig[2]       ;
; LOCATION    ; Pin_83      ; -    ; dig[1]       ;
; IO_STANDARD ; 3.3V LVCMOS ; -    ; clk          ;
; LOCATION    ; Pin_23      ; -    ; clk          ;
; IO_STANDARD ; 2.5V        ; -    ; rst_n        ;
; LOCATION    ; Pin_64      ; -    ; rst_n        ;
; IO_STANDARD ; 3.3V LVCMOS ; -    ; ss[6]        ;
; IO_STANDARD ; 3.3V LVCMOS ; -    ; ss[5]        ;
; IO_STANDARD ; 3.3V LVCMOS ; -    ; ss[4]        ;
; IO_STANDARD ; 3.3V LVCMOS ; -    ; ss[3]        ;
; IO_STANDARD ; 3.3V LVCMOS ; -    ; ss[2]        ;
; IO_STANDARD ; 3.3V LVCMOS ; -    ; ss[1]        ;
; IO_STANDARD ; 3.3V LVCMOS ; -    ; ss[0]        ;
; IO_STANDARD ; 3.3V LVCMOS ; -    ; dig[4]       ;
; IO_STANDARD ; 3.3V LVCMOS ; -    ; dig[3]       ;
; IO_STANDARD ; 3.3V LVCMOS ; -    ; dig[2]       ;
; IO_STANDARD ; 3.3V LVCMOS ; -    ; dig[1]       ;
+-------------+-------------+------+--------------+


+-----------------------------------------------------------------------+
; Parameter Settings for User Entity Instance: Top-level Entity: |hello ;
+----------------+-------+----------------------------------------------+
; Parameter Name ; Value ; Type                                         ;
+----------------+-------+----------------------------------------------+
; N              ; 10000 ; Signed Integer                               ;
+----------------+-------+----------------------------------------------+
Note: In order to hide this table in the UI and the text report file, please set the "Show Parameter Settings in Synthesis Report" option in "Analysis and Synthesis Settings -> More Settings" to "Off".


+-------------------------------------------------------------------+
; Parameter Settings for User Entity Instance: ss_cntr:ss_cntr_inst ;
+----------------+-------+------------------------------------------+
; Parameter Name ; Value ; Type                                     ;
+----------------+-------+------------------------------------------+
; N              ; 10000 ; Signed Integer                           ;
+----------------+-------+------------------------------------------+
Note: In order to hide this table in the UI and the text report file, please set the "Show Parameter Settings in Synthesis Report" option in "Analysis and Synthesis Settings -> More Settings" to "Off".


+----------------------------------------------------------------------------------------+
; Parameter Settings for User Entity Instance: ss_cntr:ss_cntr_inst|cnt_div:cnt_div_inst ;
+----------------+-------+---------------------------------------------------------------+
; Parameter Name ; Value ; Type                                                          ;
+----------------+-------+---------------------------------------------------------------+
; N              ; 10000 ; Signed Integer                                                ;
+----------------+-------+---------------------------------------------------------------+
Note: In order to hide this table in the UI and the text report file, please set the "Show Parameter Settings in Synthesis Report" option in "Analysis and Synthesis Settings -> More Settings" to "Off".


+---------------------------------------------------------------------------------------------+
; Parameter Settings for User Entity Instance: ss_cntr:ss_cntr_inst|cnt_div:cnt_div_word_inst ;
+----------------+-------+--------------------------------------------------------------------+
; Parameter Name ; Value ; Type                                                               ;
+----------------+-------+--------------------------------------------------------------------+
; N              ; 1000  ; Signed Integer                                                     ;
+----------------+-------+--------------------------------------------------------------------+
Note: In order to hide this table in the UI and the text report file, please set the "Show Parameter Settings in Synthesis Report" option in "Analysis and Synthesis Settings -> More Settings" to "Off".


+--------------------------------------------------------------------------------+
; Parameter Settings for User Entity Instance: ss_cntr:ss_cntr_inst|FSM:FSM_inst ;
+----------------+-------+-------------------------------------------------------+
; Parameter Name ; Value ; Type                                                  ;
+----------------+-------+-------------------------------------------------------+
; S0             ; 0     ; Signed Integer                                        ;
; S1             ; 1     ; Signed Integer                                        ;
; S2             ; 2     ; Signed Integer                                        ;
; S3             ; 3     ; Signed Integer                                        ;
+----------------+-------+-------------------------------------------------------+
Note: In order to hide this table in the UI and the text report file, please set the "Show Parameter Settings in Synthesis Report" option in "Analysis and Synthesis Settings -> More Settings" to "Off".


+----------------------------------------------------------------------------------+
; Parameter Settings for User Entity Instance: ss_cntr:ss_cntr_inst|MUX2:MUX2_inst ;
+----------------+-------+---------------------------------------------------------+
; Parameter Name ; Value ; Type                                                    ;
+----------------+-------+---------------------------------------------------------+
; N              ; 5     ; Signed Integer                                          ;
+----------------+-------+---------------------------------------------------------+
Note: In order to hide this table in the UI and the text report file, please set the "Show Parameter Settings in Synthesis Report" option in "Analysis and Synthesis Settings -> More Settings" to "Off".


+-----------------------------------------------------+
; Post-Synthesis Netlist Statistics for Top Partition ;
+-----------------------+-----------------------------+
; Type                  ; Count                       ;
+-----------------------+-----------------------------+
; boundary_port         ; 21                          ;
; cycloneiii_ff         ; 149                         ;
;     CLR               ; 29                          ;
;     ENA               ; 2                           ;
;     ENA CLR           ; 4                           ;
;     SCLR              ; 71                          ;
;     plain             ; 43                          ;
; cycloneiii_lcell_comb ; 206                         ;
;     arith             ; 64                          ;
;         2 data inputs ; 64                          ;
;     normal            ; 142                         ;
;         1 data inputs ; 5                           ;
;         2 data inputs ; 33                          ;
;         3 data inputs ; 13                          ;
;         4 data inputs ; 91                          ;
;                       ;                             ;
; Max LUT depth         ; 5.00                        ;
; Average LUT depth     ; 2.95                        ;
+-----------------------+-----------------------------+


+-------------------------------+
; Elapsed Time Per Partition    ;
+----------------+--------------+
; Partition Name ; Elapsed Time ;
+----------------+--------------+
; Top            ; 00:00:00     ;
+----------------+--------------+


+-------------------------------+
; Analysis & Synthesis Messages ;
+-------------------------------+
Info: *******************************************************************
Info: Running Quartus Prime Analysis & Synthesis
    Info: Version 18.1.0 Build 625 09/12/2018 SJ Lite Edition
    Info: Processing started: Fri Feb 16 01:28:16 2024
Info: Command: quartus_map --read_settings_files=on --write_settings_files=off hello -c hello
Info (20030): Parallel compilation is enabled and will use 4 of the 4 processors detected
Info (12021): Found 1 design units, including 1 entities, in source file word_gen.sv
    Info (12023): Found entity 1: word_gen File: C:/QuartusProjects/verilog-portfolio/hello/word_gen.sv Line: 1
Info (12021): Found 1 design units, including 1 entities, in source file ss_rg.sv
    Info (12023): Found entity 1: ss_rg File: C:/QuartusProjects/verilog-portfolio/hello/ss_rg.sv Line: 1
Info (12021): Found 1 design units, including 1 entities, in source file ss_cntr.sv
    Info (12023): Found entity 1: ss_cntr File: C:/QuartusProjects/verilog-portfolio/hello/ss_cntr.sv Line: 1
Info (12021): Found 1 design units, including 1 entities, in source file rst_rg.sv
    Info (12023): Found entity 1: rst_rg File: C:/QuartusProjects/verilog-portfolio/hello/rst_rg.sv Line: 1
Info (12021): Found 1 design units, including 1 entities, in source file mux2.sv
    Info (12023): Found entity 1: MUX2 File: C:/QuartusProjects/verilog-portfolio/hello/MUX2.sv Line: 1
Info (12021): Found 1 design units, including 1 entities, in source file hello_tb.sv
    Info (12023): Found entity 1: hello_tb File: C:/QuartusProjects/verilog-portfolio/hello/hello_tb.sv Line: 2
Info (12021): Found 1 design units, including 1 entities, in source file hello.sv
    Info (12023): Found entity 1: hello File: C:/QuartusProjects/verilog-portfolio/hello/hello.sv Line: 1
Info (12021): Found 1 design units, including 1 entities, in source file fsm_tb.sv
    Info (12023): Found entity 1: FSM_tb File: C:/QuartusProjects/verilog-portfolio/hello/FSM_tb.sv Line: 2
Info (12021): Found 1 design units, including 1 entities, in source file fsm.sv
    Info (12023): Found entity 1: FSM File: C:/QuartusProjects/verilog-portfolio/hello/FSM.sv Line: 1
Info (12021): Found 1 design units, including 1 entities, in source file d_rg.sv
    Info (12023): Found entity 1: d_rg File: C:/QuartusProjects/verilog-portfolio/hello/d_rg.sv Line: 1
Info (12021): Found 1 design units, including 1 entities, in source file dig_rg.sv
    Info (12023): Found entity 1: dig_rg File: C:/QuartusProjects/verilog-portfolio/hello/dig_rg.sv Line: 1
Info (12021): Found 1 design units, including 1 entities, in source file cnt_div.sv
    Info (12023): Found entity 1: cnt_div File: C:/QuartusProjects/verilog-portfolio/hello/cnt_div.sv Line: 1
Info (12021): Found 1 design units, including 1 entities, in source file b2ss.sv
    Info (12023): Found entity 1: b2ss File: C:/QuartusProjects/verilog-portfolio/hello/b2ss.sv Line: 1
Info (12127): Elaborating entity "hello" for the top level hierarchy
Info (12128): Elaborating entity "ss_cntr" for hierarchy "ss_cntr:ss_cntr_inst" File: C:/QuartusProjects/verilog-portfolio/hello/hello.sv Line: 15
Info (12128): Elaborating entity "rst_rg" for hierarchy "ss_cntr:ss_cntr_inst|rst_rg:rst_rg_inst" File: C:/QuartusProjects/verilog-portfolio/hello/ss_cntr.sv Line: 19
Info (12128): Elaborating entity "cnt_div" for hierarchy "ss_cntr:ss_cntr_inst|cnt_div:cnt_div_inst" File: C:/QuartusProjects/verilog-portfolio/hello/ss_cntr.sv Line: 20
Info (12128): Elaborating entity "cnt_div" for hierarchy "ss_cntr:ss_cntr_inst|cnt_div:cnt_div_word_inst" File: C:/QuartusProjects/verilog-portfolio/hello/ss_cntr.sv Line: 21
Info (12128): Elaborating entity "FSM" for hierarchy "ss_cntr:ss_cntr_inst|FSM:FSM_inst" File: C:/QuartusProjects/verilog-portfolio/hello/ss_cntr.sv Line: 23
Info (12128): Elaborating entity "dig_rg" for hierarchy "ss_cntr:ss_cntr_inst|dig_rg:dig_rg_inst" File: C:/QuartusProjects/verilog-portfolio/hello/ss_cntr.sv Line: 24
Info (12128): Elaborating entity "word_gen" for hierarchy "ss_cntr:ss_cntr_inst|word_gen:word_gen_inst" File: C:/QuartusProjects/verilog-portfolio/hello/ss_cntr.sv Line: 27
Warning (10030): Net "hello_ROM.data_a" at word_gen.sv(7) has no driver or initial value, using a default initial value '0' File: C:/QuartusProjects/verilog-portfolio/hello/word_gen.sv Line: 7
Warning (10030): Net "hello_ROM.waddr_a" at word_gen.sv(7) has no driver or initial value, using a default initial value '0' File: C:/QuartusProjects/verilog-portfolio/hello/word_gen.sv Line: 7
Warning (10030): Net "goodbye_ROM.data_a" at word_gen.sv(8) has no driver or initial value, using a default initial value '0' File: C:/QuartusProjects/verilog-portfolio/hello/word_gen.sv Line: 8
Warning (10030): Net "goodbye_ROM.waddr_a" at word_gen.sv(8) has no driver or initial value, using a default initial value '0' File: C:/QuartusProjects/verilog-portfolio/hello/word_gen.sv Line: 8
Warning (10030): Net "world_ROM.data_a" at word_gen.sv(10) has no driver or initial value, using a default initial value '0' File: C:/QuartusProjects/verilog-portfolio/hello/word_gen.sv Line: 10
Warning (10030): Net "world_ROM.waddr_a" at word_gen.sv(10) has no driver or initial value, using a default initial value '0' File: C:/QuartusProjects/verilog-portfolio/hello/word_gen.sv Line: 10
Warning (10030): Net "hello_ROM.we_a" at word_gen.sv(7) has no driver or initial value, using a default initial value '0' File: C:/QuartusProjects/verilog-portfolio/hello/word_gen.sv Line: 7
Warning (10030): Net "goodbye_ROM.we_a" at word_gen.sv(8) has no driver or initial value, using a default initial value '0' File: C:/QuartusProjects/verilog-portfolio/hello/word_gen.sv Line: 8
Warning (10030): Net "world_ROM.we_a" at word_gen.sv(10) has no driver or initial value, using a default initial value '0' File: C:/QuartusProjects/verilog-portfolio/hello/word_gen.sv Line: 10
Info (12128): Elaborating entity "d_rg" for hierarchy "ss_cntr:ss_cntr_inst|d_rg:d_rg_inst" File: C:/QuartusProjects/verilog-portfolio/hello/ss_cntr.sv Line: 28
Info (12128): Elaborating entity "MUX2" for hierarchy "ss_cntr:ss_cntr_inst|MUX2:MUX2_inst" File: C:/QuartusProjects/verilog-portfolio/hello/ss_cntr.sv Line: 29
Info (12128): Elaborating entity "b2ss" for hierarchy "ss_cntr:ss_cntr_inst|b2ss:b2ss_inst" File: C:/QuartusProjects/verilog-portfolio/hello/ss_cntr.sv Line: 30
Warning (10030): Net "seg_arr.data_a" at b2ss.sv(6) has no driver or initial value, using a default initial value '0' File: C:/QuartusProjects/verilog-portfolio/hello/b2ss.sv Line: 6
Warning (10030): Net "seg_arr.waddr_a" at b2ss.sv(6) has no driver or initial value, using a default initial value '0' File: C:/QuartusProjects/verilog-portfolio/hello/b2ss.sv Line: 6
Warning (10030): Net "seg_arr.we_a" at b2ss.sv(6) has no driver or initial value, using a default initial value '0' File: C:/QuartusProjects/verilog-portfolio/hello/b2ss.sv Line: 6
Info (12128): Elaborating entity "ss_rg" for hierarchy "ss_cntr:ss_cntr_inst|ss_rg:ss_rg_inst" File: C:/QuartusProjects/verilog-portfolio/hello/ss_cntr.sv Line: 31
Info (13014): Ignored 2 buffer(s)
    Info (13019): Ignored 2 SOFT buffer(s)
Info (276014): Found 4 instances of uninferred RAM logic
    Info (276004): RAM logic "ss_cntr:ss_cntr_inst|b2ss:b2ss_inst|seg_arr" is uninferred due to inappropriate RAM size File: C:/QuartusProjects/verilog-portfolio/hello/b2ss.sv Line: 6
    Info (276004): RAM logic "ss_cntr:ss_cntr_inst|word_gen:word_gen_inst|hello_ROM" is uninferred due to inappropriate RAM size File: C:/QuartusProjects/verilog-portfolio/hello/word_gen.sv Line: 7
    Info (276004): RAM logic "ss_cntr:ss_cntr_inst|word_gen:word_gen_inst|goodbye_ROM" is uninferred due to inappropriate RAM size File: C:/QuartusProjects/verilog-portfolio/hello/word_gen.sv Line: 8
    Info (276004): RAM logic "ss_cntr:ss_cntr_inst|word_gen:word_gen_inst|world_ROM" is uninferred due to inappropriate RAM size File: C:/QuartusProjects/verilog-portfolio/hello/word_gen.sv Line: 10
Warning (127007): Memory Initialization File or Hexadecimal (Intel-Format) File "C:/QuartusProjects/verilog-portfolio/hello/db/hello.ram0_b2ss_345861.hdl.mif" contains "don't care" values -- overwriting them with 0s
Critical Warning (127005): Memory depth (8) in the design file differs from memory depth (7) in the Memory Initialization File "C:/QuartusProjects/verilog-portfolio/hello/db/hello.ram2_word_gen_dcdc8e7.hdl.mif" -- setting initial value for remaining addresses to 0
Critical Warning (127005): Memory depth (8) in the design file differs from memory depth (6) in the Memory Initialization File "C:/QuartusProjects/verilog-portfolio/hello/db/hello.ram0_word_gen_dcdc8e7.hdl.mif" -- setting initial value for remaining addresses to 0
Info (13000): Registers with preset signals will power-up high File: C:/QuartusProjects/verilog-portfolio/hello/word_gen.sv Line: 95
Info (13003): DEV_CLRn pin will set, and not reset, register with preset signal due to NOT Gate Push-Back
Info (286030): Timing-Driven Synthesis is running
Info (17049): 7 registers lost all their fanouts during netlist optimizations.
Info (144001): Generated suppressed messages file C:/QuartusProjects/verilog-portfolio/hello/output_files/hello.map.smsg
Info (16010): Generating hard_block partition "hard_block:auto_generated_inst"
    Info (16011): Adding 0 node(s), including 0 DDIO, 0 PLL, 0 transceiver and 0 LCELL
Info (21057): Implemented 248 device resources after synthesis - the final resource count might be different
    Info (21058): Implemented 10 input pins
    Info (21059): Implemented 11 output pins
    Info (21061): Implemented 227 logic cells
Info: Quartus Prime Analysis & Synthesis was successful. 0 errors, 15 warnings
    Info: Peak virtual memory: 4760 megabytes
    Info: Processing ended: Fri Feb 16 01:28:26 2024
    Info: Elapsed time: 00:00:10
    Info: Total CPU time (on all processors): 00:00:19


+------------------------------------------+
; Analysis & Synthesis Suppressed Messages ;
+------------------------------------------+
The suppressed messages can be found in C:/QuartusProjects/verilog-portfolio/hello/output_files/hello.map.smsg.


