Analysis & Synthesis report for siren
Thu Feb 29 23:13:22 2024
Quartus Prime Version 18.1.0 Build 625 09/12/2018 SJ Lite Edition


---------------------
; Table of Contents ;
---------------------
  1. Legal Notice
  2. Analysis & Synthesis Summary
  3. Analysis & Synthesis Settings
  4. Parallel Compilation
  5. Analysis & Synthesis Source Files Read
  6. Analysis & Synthesis Resource Usage Summary
  7. Analysis & Synthesis Resource Utilization by Entity
  8. Analysis & Synthesis IP Cores Summary
  9. State Machine - |db_siren|siren:U1|curr_state
 10. Registers Removed During Synthesis
 11. Removed Registers Triggering Further Register Optimizations
 12. General Register Statistics
 13. Inverted Register Statistics
 14. Multiplexer Restructuring Statistics (Restructuring Performed)
 15. Source assignments for Top-level Entity: |db_siren
 16. Source assignments for SP_unit:U2|altsource_probe_top:in_system_sources_probes_0|altsource_probe:issp_impl|altsource_probe_body:altsource_probe_body_inst|altsource_probe_impl:\wider_source_gen:wider_source_inst
 17. Parameter Settings for User Entity Instance: siren:U1
 18. Parameter Settings for User Entity Instance: SP_unit:U2|altsource_probe_top:in_system_sources_probes_0
 19. Parameter Settings for User Entity Instance: SP_unit:U2|altsource_probe_top:in_system_sources_probes_0|altsource_probe:issp_impl
 20. Port Connectivity Checks: "SP_unit:U2|altsource_probe_top:in_system_sources_probes_0|altsource_probe:issp_impl"
 21. Port Connectivity Checks: "SP_unit:U2|altsource_probe_top:in_system_sources_probes_0"
 22. Port Connectivity Checks: "siren:U1"
 23. Post-Synthesis Netlist Statistics for Top Partition
 24. Post-Synthesis Netlist Statistics for Partition sld_hub:auto_hub
 25. Elapsed Time Per Partition
 26. Analysis & Synthesis Messages



----------------
; Legal Notice ;
----------------
Copyright (C) 2018  Intel Corporation. All rights reserved.
Your use of Intel Corporation's design tools, logic functions 
and other software and tools, and its AMPP partner logic 
functions, and any output files from any of the foregoing 
(including device programming or simulation files), and any 
associated documentation or information are expressly subject 
to the terms and conditions of the Intel Program License 
Subscription Agreement, the Intel Quartus Prime License Agreement,
the Intel FPGA IP License Agreement, or other applicable license
agreement, including, without limitation, that your use is for
the sole purpose of programming logic devices manufactured by
Intel and sold by Intel or its authorized distributors.  Please
refer to the applicable agreement for further details.



+----------------------------------------------------------------------------------+
; Analysis & Synthesis Summary                                                     ;
+------------------------------------+---------------------------------------------+
; Analysis & Synthesis Status        ; Successful - Thu Feb 29 23:13:22 2024       ;
; Quartus Prime Version              ; 18.1.0 Build 625 09/12/2018 SJ Lite Edition ;
; Revision Name                      ; siren                                       ;
; Top-level Entity Name              ; db_siren                                    ;
; Family                             ; Cyclone IV E                                ;
; Total logic elements               ; 207                                         ;
;     Total combinational functions  ; 167                                         ;
;     Dedicated logic registers      ; 124                                         ;
; Total registers                    ; 124                                         ;
; Total pins                         ; 1                                           ;
; Total virtual pins                 ; 0                                           ;
; Total memory bits                  ; 0                                           ;
; Embedded Multiplier 9-bit elements ; 0                                           ;
; Total PLLs                         ; 0                                           ;
+------------------------------------+---------------------------------------------+


+------------------------------------------------------------------------------------------------------------+
; Analysis & Synthesis Settings                                                                              ;
+------------------------------------------------------------------+--------------------+--------------------+
; Option                                                           ; Setting            ; Default Value      ;
+------------------------------------------------------------------+--------------------+--------------------+
; Device                                                           ; EP4CE6E22C8        ;                    ;
; Top-level entity name                                            ; db_siren           ; siren              ;
; Family name                                                      ; Cyclone IV E       ; Cyclone V          ;
; Use smart compilation                                            ; Off                ; Off                ;
; Maximum processors allowed for parallel compilation              ; All                ; All                ;
; Enable parallel Assembler and Timing Analyzer during compilation ; On                 ; On                 ;
; Enable compact report table                                      ; Off                ; Off                ;
; Restructure Multiplexers                                         ; Auto               ; Auto               ;
; Create Debugging Nodes for IP Cores                              ; Off                ; Off                ;
; Preserve fewer node names                                        ; On                 ; On                 ;
; Intel FPGA IP Evaluation Mode                                    ; Enable             ; Enable             ;
; Verilog Version                                                  ; Verilog_2001       ; Verilog_2001       ;
; VHDL Version                                                     ; VHDL_1993          ; VHDL_1993          ;
; State Machine Processing                                         ; Auto               ; Auto               ;
; Safe State Machine                                               ; Off                ; Off                ;
; Extract Verilog State Machines                                   ; On                 ; On                 ;
; Extract VHDL State Machines                                      ; On                 ; On                 ;
; Ignore Verilog initial constructs                                ; Off                ; Off                ;
; Iteration limit for constant Verilog loops                       ; 5000               ; 5000               ;
; Iteration limit for non-constant Verilog loops                   ; 250                ; 250                ;
; Add Pass-Through Logic to Inferred RAMs                          ; On                 ; On                 ;
; Infer RAMs from Raw Logic                                        ; On                 ; On                 ;
; Parallel Synthesis                                               ; On                 ; On                 ;
; DSP Block Balancing                                              ; Auto               ; Auto               ;
; NOT Gate Push-Back                                               ; On                 ; On                 ;
; Power-Up Don't Care                                              ; On                 ; On                 ;
; Remove Redundant Logic Cells                                     ; Off                ; Off                ;
; Remove Duplicate Registers                                       ; On                 ; On                 ;
; Ignore CARRY Buffers                                             ; Off                ; Off                ;
; Ignore CASCADE Buffers                                           ; Off                ; Off                ;
; Ignore GLOBAL Buffers                                            ; Off                ; Off                ;
; Ignore ROW GLOBAL Buffers                                        ; Off                ; Off                ;
; Ignore LCELL Buffers                                             ; Off                ; Off                ;
; Ignore SOFT Buffers                                              ; On                 ; On                 ;
; Limit AHDL Integers to 32 Bits                                   ; Off                ; Off                ;
; Optimization Technique                                           ; Balanced           ; Balanced           ;
; Carry Chain Length                                               ; 70                 ; 70                 ;
; Auto Carry Chains                                                ; On                 ; On                 ;
; Auto Open-Drain Pins                                             ; On                 ; On                 ;
; Perform WYSIWYG Primitive Resynthesis                            ; Off                ; Off                ;
; Auto ROM Replacement                                             ; On                 ; On                 ;
; Auto RAM Replacement                                             ; On                 ; On                 ;
; Auto DSP Block Replacement                                       ; On                 ; On                 ;
; Auto Shift Register Replacement                                  ; Auto               ; Auto               ;
; Allow Shift Register Merging across Hierarchies                  ; Auto               ; Auto               ;
; Auto Clock Enable Replacement                                    ; On                 ; On                 ;
; Strict RAM Replacement                                           ; Off                ; Off                ;
; Allow Synchronous Control Signals                                ; On                 ; On                 ;
; Force Use of Synchronous Clear Signals                           ; Off                ; Off                ;
; Auto RAM Block Balancing                                         ; On                 ; On                 ;
; Auto RAM to Logic Cell Conversion                                ; Off                ; Off                ;
; Auto Resource Sharing                                            ; Off                ; Off                ;
; Allow Any RAM Size For Recognition                               ; Off                ; Off                ;
; Allow Any ROM Size For Recognition                               ; Off                ; Off                ;
; Allow Any Shift Register Size For Recognition                    ; Off                ; Off                ;
; Use LogicLock Constraints during Resource Balancing              ; On                 ; On                 ;
; Ignore translate_off and synthesis_off directives                ; Off                ; Off                ;
; Timing-Driven Synthesis                                          ; On                 ; On                 ;
; Report Parameter Settings                                        ; On                 ; On                 ;
; Report Source Assignments                                        ; On                 ; On                 ;
; Report Connectivity Checks                                       ; On                 ; On                 ;
; Ignore Maximum Fan-Out Assignments                               ; Off                ; Off                ;
; Synchronization Register Chain Length                            ; 2                  ; 2                  ;
; Power Optimization During Synthesis                              ; Normal compilation ; Normal compilation ;
; HDL message level                                                ; Level2             ; Level2             ;
; Suppress Register Optimization Related Messages                  ; Off                ; Off                ;
; Number of Removed Registers Reported in Synthesis Report         ; 5000               ; 5000               ;
; Number of Swept Nodes Reported in Synthesis Report               ; 5000               ; 5000               ;
; Number of Inverted Registers Reported in Synthesis Report        ; 100                ; 100                ;
; Clock MUX Protection                                             ; On                 ; On                 ;
; Auto Gated Clock Conversion                                      ; Off                ; Off                ;
; Block Design Naming                                              ; Auto               ; Auto               ;
; SDC constraint protection                                        ; Off                ; Off                ;
; Synthesis Effort                                                 ; Auto               ; Auto               ;
; Shift Register Replacement - Allow Asynchronous Clear Signal     ; On                 ; On                 ;
; Pre-Mapping Resynthesis Optimization                             ; Off                ; Off                ;
; Analysis & Synthesis Message Level                               ; Medium             ; Medium             ;
; Disable Register Merging Across Hierarchies                      ; Auto               ; Auto               ;
; Resource Aware Inference For Block RAM                           ; On                 ; On                 ;
+------------------------------------------------------------------+--------------------+--------------------+


+------------------------------------------+
; Parallel Compilation                     ;
+----------------------------+-------------+
; Processors                 ; Number      ;
+----------------------------+-------------+
; Number detected on machine ; 8           ;
; Maximum allowed            ; 4           ;
;                            ;             ;
; Average used               ; 1.00        ;
; Maximum used               ; 4           ;
;                            ;             ;
; Usage by Processor         ; % Time Used ;
;     Processor 1            ; 100.0%      ;
;     Processors 2-4         ;   0.0%      ;
+----------------------------+-------------+


+-------------------------------------------------------------------------------------------------------------------------------------------------------------------------------------------------------------------------------------------------------------------+
; Analysis & Synthesis Source Files Read                                                                                                                                                                                                                            ;
+--------------------------------------------------------------------+-----------------+----------------------------------------------+---------------------------------------------------------------------------------------------------------------+-------------+
; File Name with User-Entered Path                                   ; Used in Netlist ; File Type                                    ; File Name with Absolute Path                                                                                  ; Library     ;
+--------------------------------------------------------------------+-----------------+----------------------------------------------+---------------------------------------------------------------------------------------------------------------+-------------+
; SP_unit/synthesis/SP_unit.v                                        ; yes             ; User Verilog HDL File                        ; C:/QuartusProjects/verilog-portfolio/siren/SP_unit/synthesis/SP_unit.v                                        ; SP_unit     ;
; SP_unit/synthesis/submodules/altsource_probe_top.v                 ; yes             ; User Verilog HDL File                        ; C:/QuartusProjects/verilog-portfolio/siren/SP_unit/synthesis/submodules/altsource_probe_top.v                 ; SP_unit     ;
; siren.sv                                                           ; yes             ; User SystemVerilog HDL File                  ; C:/QuartusProjects/verilog-portfolio/siren/siren.sv                                                           ;             ;
; db_siren.sv                                                        ; yes             ; User SystemVerilog HDL File                  ; C:/QuartusProjects/verilog-portfolio/siren/db_siren.sv                                                        ;             ;
; altsource_probe.v                                                  ; yes             ; Megafunction                                 ; c:/intelfpga_lite/18.1/quartus/libraries/megafunctions/altsource_probe.v                                      ;             ;
; sld_jtag_endpoint_adapter.vhd                                      ; yes             ; Encrypted Megafunction                       ; c:/intelfpga_lite/18.1/quartus/libraries/megafunctions/sld_jtag_endpoint_adapter.vhd                          ;             ;
; sld_jtag_endpoint_adapter_impl.sv                                  ; yes             ; Encrypted Megafunction                       ; c:/intelfpga_lite/18.1/quartus/libraries/megafunctions/sld_jtag_endpoint_adapter_impl.sv                      ;             ;
; altsource_probe_body.vhd                                           ; yes             ; Megafunction                                 ; c:/intelfpga_lite/18.1/quartus/libraries/megafunctions/altsource_probe_body.vhd                               ;             ;
; sld_rom_sr.vhd                                                     ; yes             ; Encrypted Megafunction                       ; c:/intelfpga_lite/18.1/quartus/libraries/megafunctions/sld_rom_sr.vhd                                         ;             ;
; sld_hub.vhd                                                        ; yes             ; Encrypted Megafunction                       ; c:/intelfpga_lite/18.1/quartus/libraries/megafunctions/sld_hub.vhd                                            ; altera_sld  ;
; db/ip/sld2032f0e5/alt_sld_fab.v                                    ; yes             ; Encrypted Auto-Found Verilog HDL File        ; C:/QuartusProjects/verilog-portfolio/siren/db/ip/sld2032f0e5/alt_sld_fab.v                                    ; alt_sld_fab ;
; db/ip/sld2032f0e5/submodules/alt_sld_fab_alt_sld_fab.v             ; yes             ; Encrypted Auto-Found Verilog HDL File        ; C:/QuartusProjects/verilog-portfolio/siren/db/ip/sld2032f0e5/submodules/alt_sld_fab_alt_sld_fab.v             ; alt_sld_fab ;
; db/ip/sld2032f0e5/submodules/alt_sld_fab_alt_sld_fab_ident.sv      ; yes             ; Auto-Found SystemVerilog HDL File            ; C:/QuartusProjects/verilog-portfolio/siren/db/ip/sld2032f0e5/submodules/alt_sld_fab_alt_sld_fab_ident.sv      ; alt_sld_fab ;
; db/ip/sld2032f0e5/submodules/alt_sld_fab_alt_sld_fab_presplit.sv   ; yes             ; Encrypted Auto-Found SystemVerilog HDL File  ; C:/QuartusProjects/verilog-portfolio/siren/db/ip/sld2032f0e5/submodules/alt_sld_fab_alt_sld_fab_presplit.sv   ; alt_sld_fab ;
; db/ip/sld2032f0e5/submodules/alt_sld_fab_alt_sld_fab_sldfabric.vhd ; yes             ; Encrypted Auto-Found VHDL File               ; C:/QuartusProjects/verilog-portfolio/siren/db/ip/sld2032f0e5/submodules/alt_sld_fab_alt_sld_fab_sldfabric.vhd ; alt_sld_fab ;
; db/ip/sld2032f0e5/submodules/alt_sld_fab_alt_sld_fab_splitter.sv   ; yes             ; Encrypted Auto-Found SystemVerilog HDL File  ; C:/QuartusProjects/verilog-portfolio/siren/db/ip/sld2032f0e5/submodules/alt_sld_fab_alt_sld_fab_splitter.sv   ; alt_sld_fab ;
; sld_jtag_hub.vhd                                                   ; yes             ; Encrypted Megafunction                       ; c:/intelfpga_lite/18.1/quartus/libraries/megafunctions/sld_jtag_hub.vhd                                       ;             ;
+--------------------------------------------------------------------+-----------------+----------------------------------------------+---------------------------------------------------------------------------------------------------------------+-------------+


+------------------------------------------------------------------------+
; Analysis & Synthesis Resource Usage Summary                            ;
+---------------------------------------------+--------------------------+
; Resource                                    ; Usage                    ;
+---------------------------------------------+--------------------------+
; Estimated Total logic elements              ; 207                      ;
;                                             ;                          ;
; Total combinational functions               ; 167                      ;
; Logic element usage by number of LUT inputs ;                          ;
;     -- 4 input functions                    ; 71                       ;
;     -- 3 input functions                    ; 57                       ;
;     -- <=2 input functions                  ; 39                       ;
;                                             ;                          ;
; Logic elements by mode                      ;                          ;
;     -- normal mode                          ; 159                      ;
;     -- arithmetic mode                      ; 8                        ;
;                                             ;                          ;
; Total registers                             ; 124                      ;
;     -- Dedicated logic registers            ; 124                      ;
;     -- I/O registers                        ; 0                        ;
;                                             ;                          ;
; I/O pins                                    ; 1                        ;
;                                             ;                          ;
; Embedded Multiplier 9-bit elements          ; 0                        ;
;                                             ;                          ;
; Maximum fan-out node                        ; altera_internal_jtag~TDO ;
; Maximum fan-out                             ; 129                      ;
; Total fan-out                               ; 903                      ;
; Average fan-out                             ; 2.99                     ;
+---------------------------------------------+--------------------------+


+------------------------------------------------------------------------------------------------------------------------------------------------------------------------------------------------------------------------------------------------------------------------------------------------------------------------------------------------------------------------------------------------------------------------------------------------------------------------------------------------------------------------------------------------------------------------------------------------------------------------------------------------------------------------------+
; Analysis & Synthesis Resource Utilization by Entity                                                                                                                                                                                                                                                                                                                                                                                                                                                                                                                                                                                                                          ;
+-----------------------------------------------------------------------------------------------------------------------------------------+---------------------+---------------------------+-------------+--------------+---------+-----------+------+--------------+------------------------------------------------------------------------------------------------------------------------------------------------------------------------------------------------------------------------------------------------------------------------------------------------------------------------------------------------------+-----------------------------------+--------------+
; Compilation Hierarchy Node                                                                                                              ; Combinational ALUTs ; Dedicated Logic Registers ; Memory Bits ; DSP Elements ; DSP 9x9 ; DSP 18x18 ; Pins ; Virtual Pins ; Full Hierarchy Name                                                                                                                                                                                                                                                                                                                                  ; Entity Name                       ; Library Name ;
+-----------------------------------------------------------------------------------------------------------------------------------------+---------------------+---------------------------+-------------+--------------+---------+-----------+------+--------------+------------------------------------------------------------------------------------------------------------------------------------------------------------------------------------------------------------------------------------------------------------------------------------------------------------------------------------------------------+-----------------------------------+--------------+
; |db_siren                                                                                                                               ; 167 (2)             ; 124 (0)                   ; 0           ; 0            ; 0       ; 0         ; 1    ; 0            ; |db_siren                                                                                                                                                                                                                                                                                                                                            ; db_siren                          ; work         ;
;    |SP_unit:U2|                                                                                                                         ; 46 (0)              ; 45 (0)                    ; 0           ; 0            ; 0       ; 0         ; 0    ; 0            ; |db_siren|SP_unit:U2                                                                                                                                                                                                                                                                                                                                 ; SP_unit                           ; SP_unit      ;
;       |altsource_probe_top:in_system_sources_probes_0|                                                                                  ; 46 (0)              ; 45 (0)                    ; 0           ; 0            ; 0       ; 0         ; 0    ; 0            ; |db_siren|SP_unit:U2|altsource_probe_top:in_system_sources_probes_0                                                                                                                                                                                                                                                                                  ; altsource_probe_top               ; SP_unit      ;
;          |altsource_probe:issp_impl|                                                                                                    ; 46 (0)              ; 45 (0)                    ; 0           ; 0            ; 0       ; 0         ; 0    ; 0            ; |db_siren|SP_unit:U2|altsource_probe_top:in_system_sources_probes_0|altsource_probe:issp_impl                                                                                                                                                                                                                                                        ; altsource_probe                   ; work         ;
;             |altsource_probe_body:altsource_probe_body_inst|                                                                            ; 46 (3)              ; 45 (0)                    ; 0           ; 0            ; 0       ; 0         ; 0    ; 0            ; |db_siren|SP_unit:U2|altsource_probe_top:in_system_sources_probes_0|altsource_probe:issp_impl|altsource_probe_body:altsource_probe_body_inst                                                                                                                                                                                                         ; altsource_probe_body              ; work         ;
;                |altsource_probe_impl:\wider_source_gen:wider_source_inst|                                                               ; 43 (24)             ; 45 (37)                   ; 0           ; 0            ; 0       ; 0         ; 0    ; 0            ; |db_siren|SP_unit:U2|altsource_probe_top:in_system_sources_probes_0|altsource_probe:issp_impl|altsource_probe_body:altsource_probe_body_inst|altsource_probe_impl:\wider_source_gen:wider_source_inst                                                                                                                                                ; altsource_probe_impl              ; work         ;
;                   |sld_rom_sr:\instance_id_gen:rom_info_inst|                                                                           ; 19 (19)             ; 8 (8)                     ; 0           ; 0            ; 0       ; 0         ; 0    ; 0            ; |db_siren|SP_unit:U2|altsource_probe_top:in_system_sources_probes_0|altsource_probe:issp_impl|altsource_probe_body:altsource_probe_body_inst|altsource_probe_impl:\wider_source_gen:wider_source_inst|sld_rom_sr:\instance_id_gen:rom_info_inst                                                                                                      ; sld_rom_sr                        ; work         ;
;    |sld_hub:auto_hub|                                                                                                                   ; 119 (1)             ; 79 (0)                    ; 0           ; 0            ; 0       ; 0         ; 0    ; 0            ; |db_siren|sld_hub:auto_hub                                                                                                                                                                                                                                                                                                                           ; sld_hub                           ; altera_sld   ;
;       |alt_sld_fab_with_jtag_input:\instrumentation_fabric_with_node_gen:fabric_gen_new_way:with_jtag_input_gen:instrumentation_fabric| ; 118 (0)             ; 79 (0)                    ; 0           ; 0            ; 0       ; 0         ; 0    ; 0            ; |db_siren|sld_hub:auto_hub|alt_sld_fab_with_jtag_input:\instrumentation_fabric_with_node_gen:fabric_gen_new_way:with_jtag_input_gen:instrumentation_fabric                                                                                                                                                                                           ; alt_sld_fab_with_jtag_input       ; altera_sld   ;
;          |alt_sld_fab:instrumentation_fabric|                                                                                           ; 118 (0)             ; 79 (0)                    ; 0           ; 0            ; 0       ; 0         ; 0    ; 0            ; |db_siren|sld_hub:auto_hub|alt_sld_fab_with_jtag_input:\instrumentation_fabric_with_node_gen:fabric_gen_new_way:with_jtag_input_gen:instrumentation_fabric|alt_sld_fab:instrumentation_fabric                                                                                                                                                        ; alt_sld_fab                       ; alt_sld_fab  ;
;             |alt_sld_fab_alt_sld_fab:alt_sld_fab|                                                                                       ; 118 (1)             ; 79 (5)                    ; 0           ; 0            ; 0       ; 0         ; 0    ; 0            ; |db_siren|sld_hub:auto_hub|alt_sld_fab_with_jtag_input:\instrumentation_fabric_with_node_gen:fabric_gen_new_way:with_jtag_input_gen:instrumentation_fabric|alt_sld_fab:instrumentation_fabric|alt_sld_fab_alt_sld_fab:alt_sld_fab                                                                                                                    ; alt_sld_fab_alt_sld_fab           ; alt_sld_fab  ;
;                |alt_sld_fab_alt_sld_fab_sldfabric:sldfabric|                                                                            ; 117 (0)             ; 74 (0)                    ; 0           ; 0            ; 0       ; 0         ; 0    ; 0            ; |db_siren|sld_hub:auto_hub|alt_sld_fab_with_jtag_input:\instrumentation_fabric_with_node_gen:fabric_gen_new_way:with_jtag_input_gen:instrumentation_fabric|alt_sld_fab:instrumentation_fabric|alt_sld_fab_alt_sld_fab:alt_sld_fab|alt_sld_fab_alt_sld_fab_sldfabric:sldfabric                                                                        ; alt_sld_fab_alt_sld_fab_sldfabric ; alt_sld_fab  ;
;                   |sld_jtag_hub:\jtag_hub_gen:real_sld_jtag_hub|                                                                        ; 117 (79)            ; 74 (46)                   ; 0           ; 0            ; 0       ; 0         ; 0    ; 0            ; |db_siren|sld_hub:auto_hub|alt_sld_fab_with_jtag_input:\instrumentation_fabric_with_node_gen:fabric_gen_new_way:with_jtag_input_gen:instrumentation_fabric|alt_sld_fab:instrumentation_fabric|alt_sld_fab_alt_sld_fab:alt_sld_fab|alt_sld_fab_alt_sld_fab_sldfabric:sldfabric|sld_jtag_hub:\jtag_hub_gen:real_sld_jtag_hub                           ; sld_jtag_hub                      ; work         ;
;                      |sld_rom_sr:hub_info_reg|                                                                                          ; 20 (20)             ; 9 (9)                     ; 0           ; 0            ; 0       ; 0         ; 0    ; 0            ; |db_siren|sld_hub:auto_hub|alt_sld_fab_with_jtag_input:\instrumentation_fabric_with_node_gen:fabric_gen_new_way:with_jtag_input_gen:instrumentation_fabric|alt_sld_fab:instrumentation_fabric|alt_sld_fab_alt_sld_fab:alt_sld_fab|alt_sld_fab_alt_sld_fab_sldfabric:sldfabric|sld_jtag_hub:\jtag_hub_gen:real_sld_jtag_hub|sld_rom_sr:hub_info_reg   ; sld_rom_sr                        ; work         ;
;                      |sld_shadow_jsm:shadow_jsm|                                                                                        ; 18 (18)             ; 19 (19)                   ; 0           ; 0            ; 0       ; 0         ; 0    ; 0            ; |db_siren|sld_hub:auto_hub|alt_sld_fab_with_jtag_input:\instrumentation_fabric_with_node_gen:fabric_gen_new_way:with_jtag_input_gen:instrumentation_fabric|alt_sld_fab:instrumentation_fabric|alt_sld_fab_alt_sld_fab:alt_sld_fab|alt_sld_fab_alt_sld_fab_sldfabric:sldfabric|sld_jtag_hub:\jtag_hub_gen:real_sld_jtag_hub|sld_shadow_jsm:shadow_jsm ; sld_shadow_jsm                    ; altera_sld   ;
+-----------------------------------------------------------------------------------------------------------------------------------------+---------------------+---------------------------+-------------+--------------+---------+-----------+------+--------------+------------------------------------------------------------------------------------------------------------------------------------------------------------------------------------------------------------------------------------------------------------------------------------------------------------------------------------------------------+-----------------------------------+--------------+
Note: For table entries with two numbers listed, the numbers in parentheses indicate the number of resources of the given type used by the specific entity alone. The numbers listed outside of parentheses indicate the total resources of the given type used by the specific entity and all of its sub-entities in the hierarchy.


+------------------------------------------------------------------------------------------------------------------------------------------------------------------------------------------------------------------------------------------------------------------------------------------------------------------------------------------------------------------------------------+
; Analysis & Synthesis IP Cores Summary                                                                                                                                                                                                                                                                                                                                              ;
+--------+---------------------------------+---------+--------------+--------------+-------------------------------------------------------------------------------------------------------------------------------------------------------------------------------------------------------------------------------------------------------------------------------+-----------------+
; Vendor ; IP Core Name                    ; Version ; Release Date ; License Type ; Entity Instance                                                                                                                                                                                                                                                               ; IP Include File ;
+--------+---------------------------------+---------+--------------+--------------+-------------------------------------------------------------------------------------------------------------------------------------------------------------------------------------------------------------------------------------------------------------------------------+-----------------+
; N/A    ; altera_in_system_sources_probes ; 18.1    ; N/A          ; N/A          ; |db_siren|SP_unit:U2                                                                                                                                                                                                                                                          ; SP_unit.qsys    ;
; Altera ; Signal Tap                      ; N/A     ; N/A          ; Licensed     ; |db_siren|sld_hub:auto_hub|alt_sld_fab_with_jtag_input:\instrumentation_fabric_with_node_gen:fabric_gen_new_way:with_jtag_input_gen:instrumentation_fabric|alt_sld_fab:instrumentation_fabric                                                                                 ;                 ;
; Altera ; Signal Tap                      ; N/A     ; N/A          ; Licensed     ; |db_siren|sld_hub:auto_hub|alt_sld_fab_with_jtag_input:\instrumentation_fabric_with_node_gen:fabric_gen_new_way:with_jtag_input_gen:instrumentation_fabric|alt_sld_fab:instrumentation_fabric|alt_sld_fab_alt_sld_fab:alt_sld_fab                                             ;                 ;
; Altera ; Signal Tap                      ; N/A     ; N/A          ; Licensed     ; |db_siren|sld_hub:auto_hub|alt_sld_fab_with_jtag_input:\instrumentation_fabric_with_node_gen:fabric_gen_new_way:with_jtag_input_gen:instrumentation_fabric|alt_sld_fab:instrumentation_fabric|alt_sld_fab_alt_sld_fab:alt_sld_fab|alt_sld_fab_alt_sld_fab_presplit:presplit   ;                 ;
; Altera ; Signal Tap                      ; N/A     ; N/A          ; Licensed     ; |db_siren|sld_hub:auto_hub|alt_sld_fab_with_jtag_input:\instrumentation_fabric_with_node_gen:fabric_gen_new_way:with_jtag_input_gen:instrumentation_fabric|alt_sld_fab:instrumentation_fabric|alt_sld_fab_alt_sld_fab:alt_sld_fab|alt_sld_fab_alt_sld_fab_sldfabric:sldfabric ;                 ;
; Altera ; Signal Tap                      ; N/A     ; N/A          ; Licensed     ; |db_siren|sld_hub:auto_hub|alt_sld_fab_with_jtag_input:\instrumentation_fabric_with_node_gen:fabric_gen_new_way:with_jtag_input_gen:instrumentation_fabric|alt_sld_fab:instrumentation_fabric|alt_sld_fab_alt_sld_fab:alt_sld_fab|alt_sld_fab_alt_sld_fab_splitter:splitter   ;                 ;
+--------+---------------------------------+---------+--------------+--------------+-------------------------------------------------------------------------------------------------------------------------------------------------------------------------------------------------------------------------------------------------------------------------------+-----------------+


Encoding Type:  One-Hot
+-----------------------------------------------------------------------------------------------------------+
; State Machine - |db_siren|siren:U1|curr_state                                                             ;
+-----------------------+------------------+-----------------------+------------------+---------------------+
; Name                  ; curr_state.alarm ; curr_state.wait_delay ; curr_state.armed ; curr_state.disarmed ;
+-----------------------+------------------+-----------------------+------------------+---------------------+
; curr_state.disarmed   ; 0                ; 0                     ; 0                ; 0                   ;
; curr_state.armed      ; 0                ; 0                     ; 1                ; 1                   ;
; curr_state.wait_delay ; 0                ; 1                     ; 0                ; 1                   ;
; curr_state.alarm      ; 1                ; 0                     ; 0                ; 1                   ;
+-----------------------+------------------+-----------------------+------------------+---------------------+


+-------------------------------------------------------------+
; Registers Removed During Synthesis                          ;
+----------------------------------------+--------------------+
; Register name                          ; Reason for Removal ;
+----------------------------------------+--------------------+
; siren:U1|curr_state~6                  ; Lost fanout        ;
; siren:U1|curr_state~7                  ; Lost fanout        ;
; siren:U1|delay_cntr[0..6]              ; Lost fanout        ;
; siren:U1|curr_state.disarmed           ; Lost fanout        ;
; siren:U1|curr_state.armed              ; Lost fanout        ;
; siren:U1|curr_state.wait_delay         ; Lost fanout        ;
; siren:U1|curr_state.alarm              ; Lost fanout        ;
; Total Number of Removed Registers = 13 ;                    ;
+----------------------------------------+--------------------+


+-----------------------------------------------------------------------------------------------------------------------+
; Removed Registers Triggering Further Register Optimizations                                                           ;
+------------------------+--------------------+-------------------------------------------------------------------------+
; Register name          ; Reason for Removal ; Registers Removed due to This Register                                  ;
+------------------------+--------------------+-------------------------------------------------------------------------+
; siren:U1|delay_cntr[0] ; Lost Fanouts       ; siren:U1|delay_cntr[1], siren:U1|delay_cntr[2], siren:U1|delay_cntr[3], ;
;                        ;                    ; siren:U1|delay_cntr[4], siren:U1|delay_cntr[5], siren:U1|delay_cntr[6]  ;
; siren:U1|curr_state~6  ; Lost Fanouts       ; siren:U1|curr_state.armed, siren:U1|curr_state.alarm                    ;
; siren:U1|curr_state~7  ; Lost Fanouts       ; siren:U1|curr_state.wait_delay                                          ;
+------------------------+--------------------+-------------------------------------------------------------------------+


+------------------------------------------------------+
; General Register Statistics                          ;
+----------------------------------------------+-------+
; Statistic                                    ; Value ;
+----------------------------------------------+-------+
; Total registers                              ; 124   ;
; Number of registers using Synchronous Clear  ; 12    ;
; Number of registers using Synchronous Load   ; 12    ;
; Number of registers using Asynchronous Clear ; 36    ;
; Number of registers using Asynchronous Load  ; 0     ;
; Number of registers using Clock Enable       ; 69    ;
; Number of registers using Preset             ; 0     ;
+----------------------------------------------+-------+


+-------------------------------------------------------------------------------------------------------------------------------------------------------------------------------------------------------------------------------------------------------------------------------------------------------------------------------------------+
; Inverted Register Statistics                                                                                                                                                                                                                                                                                                              ;
+---------------------------------------------------------------------------------------------------------------------------------------------------------------------------------------------------------------------------------------------------------------------------------------------------------------------------------+---------+
; Inverted Register                                                                                                                                                                                                                                                                                                               ; Fan out ;
+---------------------------------------------------------------------------------------------------------------------------------------------------------------------------------------------------------------------------------------------------------------------------------------------------------------------------------+---------+
; sld_hub:auto_hub|alt_sld_fab_with_jtag_input:\instrumentation_fabric_with_node_gen:fabric_gen_new_way:with_jtag_input_gen:instrumentation_fabric|alt_sld_fab:instrumentation_fabric|alt_sld_fab_alt_sld_fab:alt_sld_fab|alt_sld_fab_alt_sld_fab_sldfabric:sldfabric|sld_jtag_hub:\jtag_hub_gen:real_sld_jtag_hub|jtag_ir_reg[2] ; 2       ;
; sld_hub:auto_hub|alt_sld_fab_with_jtag_input:\instrumentation_fabric_with_node_gen:fabric_gen_new_way:with_jtag_input_gen:instrumentation_fabric|alt_sld_fab:instrumentation_fabric|alt_sld_fab_alt_sld_fab:alt_sld_fab|alt_sld_fab_alt_sld_fab_sldfabric:sldfabric|sld_jtag_hub:\jtag_hub_gen:real_sld_jtag_hub|jtag_ir_reg[1] ; 3       ;
; Total number of inverted registers = 2                                                                                                                                                                                                                                                                                          ;         ;
+---------------------------------------------------------------------------------------------------------------------------------------------------------------------------------------------------------------------------------------------------------------------------------------------------------------------------------+---------+


+----------------------------------------------------------------------------------------------------------------------------------------------------------------------------------------------------------------------------------------------------------------------------------------------------------------------------------------------------------------------------------------------------------------------------------------------------------------------------------+
; Multiplexer Restructuring Statistics (Restructuring Performed)                                                                                                                                                                                                                                                                                                                                                                                                                   ;
+--------------------+-----------+---------------+----------------------+------------------------+------------+--------------------------------------------------------------------------------------------------------------------------------------------------------------------------------------------------------------------------------------------------------------------------------------------------------------------------------------------------------------------+
; Multiplexer Inputs ; Bus Width ; Baseline Area ; Area if Restructured ; Saving if Restructured ; Registered ; Example Multiplexer Output                                                                                                                                                                                                                                                                                                                                         ;
+--------------------+-----------+---------------+----------------------+------------------------+------------+--------------------------------------------------------------------------------------------------------------------------------------------------------------------------------------------------------------------------------------------------------------------------------------------------------------------------------------------------------------------+
; 3:1                ; 8 bits    ; 16 LEs        ; 8 LEs                ; 8 LEs                  ; Yes        ; |db_siren|SP_unit:U2|altsource_probe_top:in_system_sources_probes_0|altsource_probe:issp_impl|altsource_probe_body:altsource_probe_body_inst|altsource_probe_impl:\wider_source_gen:wider_source_inst|shift_reg[8]                                                                                                                                                 ;
; 4:1                ; 4 bits    ; 8 LEs         ; 4 LEs                ; 4 LEs                  ; Yes        ; |db_siren|SP_unit:U2|altsource_probe_top:in_system_sources_probes_0|altsource_probe:issp_impl|altsource_probe_body:altsource_probe_body_inst|altsource_probe_impl:\wider_source_gen:wider_source_inst|sld_rom_sr:\instance_id_gen:rom_info_inst|word_counter[0]                                                                                                    ;
; 5:1                ; 7 bits    ; 21 LEs        ; 14 LEs               ; 7 LEs                  ; Yes        ; |db_siren|siren:U1|delay_cntr[6]                                                                                                                                                                                                                                                                                                                                   ;
; 17:1               ; 4 bits    ; 44 LEs        ; 32 LEs               ; 12 LEs                 ; Yes        ; |db_siren|SP_unit:U2|altsource_probe_top:in_system_sources_probes_0|altsource_probe:issp_impl|altsource_probe_body:altsource_probe_body_inst|altsource_probe_impl:\wider_source_gen:wider_source_inst|sld_rom_sr:\instance_id_gen:rom_info_inst|WORD_SR[1]                                                                                                         ;
; 3:1                ; 3 bits    ; 6 LEs         ; 6 LEs                ; 0 LEs                  ; No         ; |db_siren|siren:U1|curr_state                                                                                                                                                                                                                                                                                                                                      ;
; 3:1                ; 3 bits    ; 6 LEs         ; 3 LEs                ; 3 LEs                  ; Yes        ; |db_siren|sld_hub:auto_hub|alt_sld_fab_with_jtag_input:\instrumentation_fabric_with_node_gen:fabric_gen_new_way:with_jtag_input_gen:instrumentation_fabric|alt_sld_fab:instrumentation_fabric|alt_sld_fab_alt_sld_fab:alt_sld_fab|alt_sld_fab_alt_sld_fab_sldfabric:sldfabric|sld_jtag_hub:\jtag_hub_gen:real_sld_jtag_hub|irsr_reg[2]                             ;
; 3:1                ; 4 bits    ; 8 LEs         ; 4 LEs                ; 4 LEs                  ; Yes        ; |db_siren|sld_hub:auto_hub|alt_sld_fab_with_jtag_input:\instrumentation_fabric_with_node_gen:fabric_gen_new_way:with_jtag_input_gen:instrumentation_fabric|alt_sld_fab:instrumentation_fabric|alt_sld_fab_alt_sld_fab:alt_sld_fab|alt_sld_fab_alt_sld_fab_sldfabric:sldfabric|sld_jtag_hub:\jtag_hub_gen:real_sld_jtag_hub|hub_minor_ver_reg[1]                    ;
; 4:1                ; 5 bits    ; 10 LEs        ; 5 LEs                ; 5 LEs                  ; Yes        ; |db_siren|sld_hub:auto_hub|alt_sld_fab_with_jtag_input:\instrumentation_fabric_with_node_gen:fabric_gen_new_way:with_jtag_input_gen:instrumentation_fabric|alt_sld_fab:instrumentation_fabric|alt_sld_fab_alt_sld_fab:alt_sld_fab|alt_sld_fab_alt_sld_fab_sldfabric:sldfabric|sld_jtag_hub:\jtag_hub_gen:real_sld_jtag_hub|sld_rom_sr:hub_info_reg|word_counter[3] ;
; 4:1                ; 5 bits    ; 10 LEs        ; 5 LEs                ; 5 LEs                  ; Yes        ; |db_siren|sld_hub:auto_hub|alt_sld_fab_with_jtag_input:\instrumentation_fabric_with_node_gen:fabric_gen_new_way:with_jtag_input_gen:instrumentation_fabric|alt_sld_fab:instrumentation_fabric|alt_sld_fab_alt_sld_fab:alt_sld_fab|alt_sld_fab_alt_sld_fab_sldfabric:sldfabric|sld_jtag_hub:\jtag_hub_gen:real_sld_jtag_hub|mixer_addr_reg_internal[4]              ;
; 34:1               ; 4 bits    ; 88 LEs        ; 60 LEs               ; 28 LEs                 ; Yes        ; |db_siren|sld_hub:auto_hub|alt_sld_fab_with_jtag_input:\instrumentation_fabric_with_node_gen:fabric_gen_new_way:with_jtag_input_gen:instrumentation_fabric|alt_sld_fab:instrumentation_fabric|alt_sld_fab_alt_sld_fab:alt_sld_fab|alt_sld_fab_alt_sld_fab_sldfabric:sldfabric|sld_jtag_hub:\jtag_hub_gen:real_sld_jtag_hub|design_hash_reg[0]                      ;
; 20:1               ; 4 bits    ; 52 LEs        ; 36 LEs               ; 16 LEs                 ; Yes        ; |db_siren|sld_hub:auto_hub|alt_sld_fab_with_jtag_input:\instrumentation_fabric_with_node_gen:fabric_gen_new_way:with_jtag_input_gen:instrumentation_fabric|alt_sld_fab:instrumentation_fabric|alt_sld_fab_alt_sld_fab:alt_sld_fab|alt_sld_fab_alt_sld_fab_sldfabric:sldfabric|sld_jtag_hub:\jtag_hub_gen:real_sld_jtag_hub|sld_rom_sr:hub_info_reg|WORD_SR[0]      ;
+--------------------+-----------+---------------+----------------------+------------------------+------------+--------------------------------------------------------------------------------------------------------------------------------------------------------------------------------------------------------------------------------------------------------------------------------------------------------------------------------------------------------------------+


+----------------------------------------------------+
; Source assignments for Top-level Entity: |db_siren ;
+-------------+--------------+------+----------------+
; Assignment  ; Value        ; From ; To             ;
+-------------+--------------+------+----------------+
; IO_STANDARD ; 3.3-V LVCMOS ; -    ; clk            ;
; LOCATION    ; Pin_23       ; -    ; clk            ;
+-------------+--------------+------+----------------+


+--------------------------------------------------------------------------------------------------------------------------------------------------------------------------------------------------------------------+
; Source assignments for SP_unit:U2|altsource_probe_top:in_system_sources_probes_0|altsource_probe:issp_impl|altsource_probe_body:altsource_probe_body_inst|altsource_probe_impl:\wider_source_gen:wider_source_inst ;
+---------------------------------+------------------------+------+--------------------------------------------------------------------------------------------------------------------------------------------------+
; Assignment                      ; Value                  ; From ; To                                                                                                                                               ;
+---------------------------------+------------------------+------+--------------------------------------------------------------------------------------------------------------------------------------------------+
; NOT_GATE_PUSH_BACK              ; OFF                    ; -    ; -                                                                                                                                                ;
; POWER_UP_LEVEL                  ; LOW                    ; -    ; -                                                                                                                                                ;
; AUTO_SHIFT_REGISTER_RECOGNITION ; OFF                    ; -    ; -                                                                                                                                                ;
; SYNCHRONIZER_IDENTIFICATION     ; FORCED_IF_ASYNCHRONOUS ; -    ; metastable_l2_reg[0]                                                                                                                             ;
; AUTO_CLOCK_ENABLE_RECOGNITION   ; OFF                    ; -    ; hold_reg[8]                                                                                                                                      ;
; AUTO_CLOCK_ENABLE_RECOGNITION   ; OFF                    ; -    ; hold_reg[7]                                                                                                                                      ;
; AUTO_CLOCK_ENABLE_RECOGNITION   ; OFF                    ; -    ; hold_reg[6]                                                                                                                                      ;
; AUTO_CLOCK_ENABLE_RECOGNITION   ; OFF                    ; -    ; hold_reg[5]                                                                                                                                      ;
; AUTO_CLOCK_ENABLE_RECOGNITION   ; OFF                    ; -    ; hold_reg[4]                                                                                                                                      ;
; AUTO_CLOCK_ENABLE_RECOGNITION   ; OFF                    ; -    ; hold_reg[3]                                                                                                                                      ;
; AUTO_CLOCK_ENABLE_RECOGNITION   ; OFF                    ; -    ; hold_reg[2]                                                                                                                                      ;
; AUTO_CLOCK_ENABLE_RECOGNITION   ; OFF                    ; -    ; hold_reg[1]                                                                                                                                      ;
; AUTO_CLOCK_ENABLE_RECOGNITION   ; OFF                    ; -    ; hold_reg[0]                                                                                                                                      ;
; SYNCHRONIZER_IDENTIFICATION     ; FORCED_IF_ASYNCHRONOUS ; -    ; metastable_l2_reg[1]                                                                                                                             ;
; SYNCHRONIZER_IDENTIFICATION     ; FORCED_IF_ASYNCHRONOUS ; -    ; metastable_l2_reg[2]                                                                                                                             ;
; SYNCHRONIZER_IDENTIFICATION     ; FORCED_IF_ASYNCHRONOUS ; -    ; metastable_l2_reg[3]                                                                                                                             ;
; SYNCHRONIZER_IDENTIFICATION     ; FORCED_IF_ASYNCHRONOUS ; -    ; metastable_l2_reg[4]                                                                                                                             ;
; SYNCHRONIZER_IDENTIFICATION     ; FORCED_IF_ASYNCHRONOUS ; -    ; metastable_l2_reg[5]                                                                                                                             ;
; SYNCHRONIZER_IDENTIFICATION     ; FORCED_IF_ASYNCHRONOUS ; -    ; metastable_l2_reg[6]                                                                                                                             ;
; SYNCHRONIZER_IDENTIFICATION     ; FORCED_IF_ASYNCHRONOUS ; -    ; metastable_l2_reg[7]                                                                                                                             ;
; SYNCHRONIZER_IDENTIFICATION     ; FORCED_IF_ASYNCHRONOUS ; -    ; metastable_l2_reg[8]                                                                                                                             ;
; SYNCHRONIZER_IDENTIFICATION     ; FORCED_IF_ASYNCHRONOUS ; -    ; metastable_l1_reg[0]                                                                                                                             ;
; SYNCHRONIZER_IDENTIFICATION     ; FORCED_IF_ASYNCHRONOUS ; -    ; metastable_l1_reg[1]                                                                                                                             ;
; SYNCHRONIZER_IDENTIFICATION     ; FORCED_IF_ASYNCHRONOUS ; -    ; metastable_l1_reg[2]                                                                                                                             ;
; SYNCHRONIZER_IDENTIFICATION     ; FORCED_IF_ASYNCHRONOUS ; -    ; metastable_l1_reg[3]                                                                                                                             ;
; SYNCHRONIZER_IDENTIFICATION     ; FORCED_IF_ASYNCHRONOUS ; -    ; metastable_l1_reg[4]                                                                                                                             ;
; SYNCHRONIZER_IDENTIFICATION     ; FORCED_IF_ASYNCHRONOUS ; -    ; metastable_l1_reg[5]                                                                                                                             ;
; SYNCHRONIZER_IDENTIFICATION     ; FORCED_IF_ASYNCHRONOUS ; -    ; metastable_l1_reg[6]                                                                                                                             ;
; SYNCHRONIZER_IDENTIFICATION     ; FORCED_IF_ASYNCHRONOUS ; -    ; metastable_l1_reg[7]                                                                                                                             ;
; SYNCHRONIZER_IDENTIFICATION     ; FORCED_IF_ASYNCHRONOUS ; -    ; metastable_l1_reg[8]                                                                                                                             ;
+---------------------------------+------------------------+------+--------------------------------------------------------------------------------------------------------------------------------------------------+


+-------------------------------------------------------+
; Parameter Settings for User Entity Instance: siren:U1 ;
+----------------+-------+------------------------------+
; Parameter Name ; Value ; Type                         ;
+----------------+-------+------------------------------+
; delay_val      ; 100   ; Signed Integer               ;
+----------------+-------+------------------------------+
Note: In order to hide this table in the UI and the text report file, please set the "Show Parameter Settings in Synthesis Report" option in "Analysis and Synthesis Settings -> More Settings" to "Off".


+--------------------------------------------------------------------------------------------------------+
; Parameter Settings for User Entity Instance: SP_unit:U2|altsource_probe_top:in_system_sources_probes_0 ;
+-------------------------+-----------------+------------------------------------------------------------+
; Parameter Name          ; Value           ; Type                                                       ;
+-------------------------+-----------------+------------------------------------------------------------+
; lpm_type                ; altsource_probe ; String                                                     ;
; lpm_hint                ; UNUSED          ; String                                                     ;
; sld_auto_instance_index ; YES             ; String                                                     ;
; sld_instance_index      ; 0               ; Signed Integer                                             ;
; sld_node_info_parameter ; 4746752         ; Signed Integer                                             ;
; sld_ir_width            ; 4               ; Signed Integer                                             ;
; instance_id             ; SP0             ; String                                                     ;
; probe_width             ; 0               ; Signed Integer                                             ;
; source_width            ; 9               ; Signed Integer                                             ;
; source_initial_value    ; 0               ; String                                                     ;
; enable_metastability    ; YES             ; String                                                     ;
+-------------------------+-----------------+------------------------------------------------------------+
Note: In order to hide this table in the UI and the text report file, please set the "Show Parameter Settings in Synthesis Report" option in "Analysis and Synthesis Settings -> More Settings" to "Off".


+----------------------------------------------------------------------------------------------------------------------------------+
; Parameter Settings for User Entity Instance: SP_unit:U2|altsource_probe_top:in_system_sources_probes_0|altsource_probe:issp_impl ;
+-------------------------+-----------------+--------------------------------------------------------------------------------------+
; Parameter Name          ; Value           ; Type                                                                                 ;
+-------------------------+-----------------+--------------------------------------------------------------------------------------+
; lpm_type                ; altsource_probe ; String                                                                               ;
; lpm_hint                ; UNUSED          ; String                                                                               ;
; sld_auto_instance_index ; YES             ; String                                                                               ;
; sld_instance_index      ; 0               ; Signed Integer                                                                       ;
; SLD_NODE_INFO           ; 4746752         ; Signed Integer                                                                       ;
; sld_ir_width            ; 4               ; Signed Integer                                                                       ;
; instance_id             ; SP0             ; String                                                                               ;
; probe_width             ; 0               ; Signed Integer                                                                       ;
; source_width            ; 9               ; Signed Integer                                                                       ;
; source_initial_value    ; 0               ; String                                                                               ;
; enable_metastability    ; YES             ; String                                                                               ;
+-------------------------+-----------------+--------------------------------------------------------------------------------------+
Note: In order to hide this table in the UI and the text report file, please set the "Show Parameter Settings in Synthesis Report" option in "Analysis and Synthesis Settings -> More Settings" to "Off".


+------------------------------------------------------------------------------------------------------------------------------------------------------------------------------------+
; Port Connectivity Checks: "SP_unit:U2|altsource_probe_top:in_system_sources_probes_0|altsource_probe:issp_impl"                                                                    ;
+-----------------+--------+----------+----------------------------------------------------------------------------------------------------------------------------------------------+
; Port            ; Type   ; Severity ; Details                                                                                                                                      ;
+-----------------+--------+----------+----------------------------------------------------------------------------------------------------------------------------------------------+
; raw_tck         ; Input  ; Warning  ; Declared by entity but not connected by instance. If a default value exists, it will be used.  Otherwise, the port will be connected to GND. ;
; tdi             ; Input  ; Warning  ; Declared by entity but not connected by instance. If a default value exists, it will be used.  Otherwise, the port will be connected to GND. ;
; usr1            ; Input  ; Warning  ; Declared by entity but not connected by instance. If a default value exists, it will be used.  Otherwise, the port will be connected to GND. ;
; jtag_state_cdr  ; Input  ; Warning  ; Declared by entity but not connected by instance. If a default value exists, it will be used.  Otherwise, the port will be connected to GND. ;
; jtag_state_sdr  ; Input  ; Warning  ; Declared by entity but not connected by instance. If a default value exists, it will be used.  Otherwise, the port will be connected to GND. ;
; jtag_state_e1dr ; Input  ; Warning  ; Declared by entity but not connected by instance. If a default value exists, it will be used.  Otherwise, the port will be connected to GND. ;
; jtag_state_udr  ; Input  ; Warning  ; Declared by entity but not connected by instance. If a default value exists, it will be used.  Otherwise, the port will be connected to GND. ;
; jtag_state_cir  ; Input  ; Warning  ; Declared by entity but not connected by instance. If a default value exists, it will be used.  Otherwise, the port will be connected to GND. ;
; jtag_state_uir  ; Input  ; Warning  ; Declared by entity but not connected by instance. If a default value exists, it will be used.  Otherwise, the port will be connected to GND. ;
; jtag_state_tlr  ; Input  ; Warning  ; Declared by entity but not connected by instance. If a default value exists, it will be used.  Otherwise, the port will be connected to GND. ;
; clr             ; Input  ; Warning  ; Declared by entity but not connected by instance. If a default value exists, it will be used.  Otherwise, the port will be connected to GND. ;
; ena             ; Input  ; Warning  ; Declared by entity but not connected by instance. If a default value exists, it will be used.  Otherwise, the port will be connected to GND. ;
; ir_in           ; Input  ; Warning  ; Declared by entity but not connected by instance. If a default value exists, it will be used.  Otherwise, the port will be connected to GND. ;
; ir_out          ; Output ; Warning  ; Declared by entity but not connected by instance. Logic that only feeds a dangling port will be removed.                                     ;
; tdo             ; Output ; Warning  ; Declared by entity but not connected by instance. Logic that only feeds a dangling port will be removed.                                     ;
+-----------------+--------+----------+----------------------------------------------------------------------------------------------------------------------------------------------+


+------------------------------------------------------------------------------------------------------------------------------------------------------------------------------+
; Port Connectivity Checks: "SP_unit:U2|altsource_probe_top:in_system_sources_probes_0"                                                                                        ;
+------------+-------+----------+----------------------------------------------------------------------------------------------------------------------------------------------+
; Port       ; Type  ; Severity ; Details                                                                                                                                      ;
+------------+-------+----------+----------------------------------------------------------------------------------------------------------------------------------------------+
; source_ena ; Input ; Info     ; Stuck at VCC                                                                                                                                 ;
; probe      ; Input ; Warning  ; Declared by entity but not connected by instance. If a default value exists, it will be used.  Otherwise, the port will be connected to GND. ;
+------------+-------+----------+----------------------------------------------------------------------------------------------------------------------------------------------+


+-------------------------------------------------------------------------------------------------------------------------+
; Port Connectivity Checks: "siren:U1"                                                                                    ;
+---------------+--------+----------+-------------------------------------------------------------------------------------+
; Port          ; Type   ; Severity ; Details                                                                             ;
+---------------+--------+----------+-------------------------------------------------------------------------------------+
; alarm_siren   ; Output ; Info     ; Connected to dangling logic. Logic that only feeds a dangling port will be removed. ;
; is_armed      ; Output ; Info     ; Connected to dangling logic. Logic that only feeds a dangling port will be removed. ;
; is_wait_delay ; Output ; Info     ; Connected to dangling logic. Logic that only feeds a dangling port will be removed. ;
+---------------+--------+----------+-------------------------------------------------------------------------------------+


+-----------------------------------------------------+
; Post-Synthesis Netlist Statistics for Top Partition ;
+-----------------------+-----------------------------+
; Type                  ; Count                       ;
+-----------------------+-----------------------------+
; boundary_port         ; 22                          ;
; cycloneiii_ff         ; 45                          ;
;     CLR               ; 1                           ;
;     CLR SLD           ; 1                           ;
;     ENA               ; 8                           ;
;     ENA CLR           ; 8                           ;
;     plain             ; 27                          ;
; cycloneiii_lcell_comb ; 47                          ;
;     normal            ; 47                          ;
;         0 data inputs ; 1                           ;
;         3 data inputs ; 24                          ;
;         4 data inputs ; 22                          ;
;                       ;                             ;
; Max LUT depth         ; 3.00                        ;
; Average LUT depth     ; 1.60                        ;
+-----------------------+-----------------------------+


+------------------------------------------------------------------+
; Post-Synthesis Netlist Statistics for Partition sld_hub:auto_hub ;
+-----------------------+------------------------------------------+
; Type                  ; Count                                    ;
+-----------------------+------------------------------------------+
; boundary_port         ; 95                                       ;
; cycloneiii_ff         ; 79                                       ;
;     CLR               ; 3                                        ;
;     ENA               ; 16                                       ;
;     ENA CLR           ; 21                                       ;
;     ENA CLR SLD       ; 2                                        ;
;     ENA SCLR          ; 5                                        ;
;     ENA SLD           ; 9                                        ;
;     SCLR              ; 7                                        ;
;     plain             ; 16                                       ;
; cycloneiii_lcell_comb ; 119                                      ;
;     arith             ; 8                                        ;
;         2 data inputs ; 8                                        ;
;     normal            ; 111                                      ;
;         0 data inputs ; 1                                        ;
;         1 data inputs ; 6                                        ;
;         2 data inputs ; 22                                       ;
;         3 data inputs ; 33                                       ;
;         4 data inputs ; 49                                       ;
;                       ;                                          ;
; Max LUT depth         ; 4.00                                     ;
; Average LUT depth     ; 1.83                                     ;
+-----------------------+------------------------------------------+


+---------------------------------+
; Elapsed Time Per Partition      ;
+------------------+--------------+
; Partition Name   ; Elapsed Time ;
+------------------+--------------+
; sld_hub:auto_hub ; 00:00:00     ;
; Top              ; 00:00:00     ;
+------------------+--------------+


+-------------------------------+
; Analysis & Synthesis Messages ;
+-------------------------------+
Info: *******************************************************************
Info: Running Quartus Prime Analysis & Synthesis
    Info: Version 18.1.0 Build 625 09/12/2018 SJ Lite Edition
    Info: Processing started: Thu Feb 29 23:12:57 2024
Info: Command: quartus_map --read_settings_files=on --write_settings_files=off siren -c siren
Info (20030): Parallel compilation is enabled and will use 4 of the 4 processors detected
Info (12021): Found 1 design units, including 1 entities, in source file sp_unit/synthesis/sp_unit.v
    Info (12023): Found entity 1: SP_unit File: C:/QuartusProjects/verilog-portfolio/siren/SP_unit/synthesis/SP_unit.v Line: 6
Info (12021): Found 1 design units, including 1 entities, in source file sp_unit/synthesis/submodules/altsource_probe_top.v
    Info (12023): Found entity 1: altsource_probe_top File: C:/QuartusProjects/verilog-portfolio/siren/SP_unit/synthesis/submodules/altsource_probe_top.v Line: 14
Info (12021): Found 1 design units, including 1 entities, in source file tb_siren.sv
    Info (12023): Found entity 1: tb_siren File: C:/QuartusProjects/verilog-portfolio/siren/tb_siren.sv Line: 3
Info (12021): Found 1 design units, including 1 entities, in source file siren.sv
    Info (12023): Found entity 1: siren File: C:/QuartusProjects/verilog-portfolio/siren/siren.sv Line: 2
Info (12021): Found 1 design units, including 1 entities, in source file impl_siren.sv
    Info (12023): Found entity 1: impl_siren File: C:/QuartusProjects/verilog-portfolio/siren/impl_siren.sv Line: 2
Info (12021): Found 1 design units, including 1 entities, in source file ff_unit.sv
    Info (12023): Found entity 1: FF_unit File: C:/QuartusProjects/verilog-portfolio/siren/FF_unit.sv Line: 1
Info (12021): Found 1 design units, including 1 entities, in source file db_siren.sv
    Info (12023): Found entity 1: db_siren File: C:/QuartusProjects/verilog-portfolio/siren/db_siren.sv Line: 1
Info (12127): Elaborating entity "db_siren" for the top level hierarchy
Info (12128): Elaborating entity "siren" for hierarchy "siren:U1" File: C:/QuartusProjects/verilog-portfolio/siren/db_siren.sv Line: 10
Warning (10230): Verilog HDL assignment warning at siren.sv(90): truncated value with size 32 to match size of target (7) File: C:/QuartusProjects/verilog-portfolio/siren/siren.sv Line: 90
Info (12128): Elaborating entity "SP_unit" for hierarchy "SP_unit:U2" File: C:/QuartusProjects/verilog-portfolio/siren/db_siren.sv Line: 15
Info (12128): Elaborating entity "altsource_probe_top" for hierarchy "SP_unit:U2|altsource_probe_top:in_system_sources_probes_0" File: C:/QuartusProjects/verilog-portfolio/siren/SP_unit/synthesis/SP_unit.v Line: 23
Info (12128): Elaborating entity "altsource_probe" for hierarchy "SP_unit:U2|altsource_probe_top:in_system_sources_probes_0|altsource_probe:issp_impl" File: C:/QuartusProjects/verilog-portfolio/siren/SP_unit/synthesis/submodules/altsource_probe_top.v Line: 55
Info (12130): Elaborated megafunction instantiation "SP_unit:U2|altsource_probe_top:in_system_sources_probes_0|altsource_probe:issp_impl" File: C:/QuartusProjects/verilog-portfolio/siren/SP_unit/synthesis/submodules/altsource_probe_top.v Line: 55
Info (12133): Instantiated megafunction "SP_unit:U2|altsource_probe_top:in_system_sources_probes_0|altsource_probe:issp_impl" with the following parameter: File: C:/QuartusProjects/verilog-portfolio/siren/SP_unit/synthesis/submodules/altsource_probe_top.v Line: 55
    Info (12134): Parameter "lpm_type" = "altsource_probe"
    Info (12134): Parameter "lpm_hint" = "UNUSED"
    Info (12134): Parameter "sld_auto_instance_index" = "YES"
    Info (12134): Parameter "sld_instance_index" = "0"
    Info (12134): Parameter "SLD_NODE_INFO" = "4746752"
    Info (12134): Parameter "sld_ir_width" = "4"
    Info (12134): Parameter "instance_id" = "SP0"
    Info (12134): Parameter "probe_width" = "0"
    Info (12134): Parameter "source_width" = "9"
    Info (12134): Parameter "source_initial_value" = "0"
    Info (12134): Parameter "enable_metastability" = "YES"
Info (12128): Elaborating entity "sld_jtag_endpoint_adapter" for hierarchy "SP_unit:U2|altsource_probe_top:in_system_sources_probes_0|altsource_probe:issp_impl|sld_jtag_endpoint_adapter:jtag_signal_adapter" File: c:/intelfpga_lite/18.1/quartus/libraries/megafunctions/altsource_probe.v Line: 168
Info (12128): Elaborating entity "sld_jtag_endpoint_adapter_impl" for hierarchy "SP_unit:U2|altsource_probe_top:in_system_sources_probes_0|altsource_probe:issp_impl|sld_jtag_endpoint_adapter:jtag_signal_adapter|sld_jtag_endpoint_adapter_impl:sld_jtag_endpoint_adapter_impl_inst" File: c:/intelfpga_lite/18.1/quartus/libraries/megafunctions/sld_jtag_endpoint_adapter.vhd Line: 232
Info (12128): Elaborating entity "altsource_probe_body" for hierarchy "SP_unit:U2|altsource_probe_top:in_system_sources_probes_0|altsource_probe:issp_impl|altsource_probe_body:altsource_probe_body_inst" File: c:/intelfpga_lite/18.1/quartus/libraries/megafunctions/altsource_probe.v Line: 242
Info (12128): Elaborating entity "altsource_probe_impl" for hierarchy "SP_unit:U2|altsource_probe_top:in_system_sources_probes_0|altsource_probe:issp_impl|altsource_probe_body:altsource_probe_body_inst|altsource_probe_impl:\wider_source_gen:wider_source_inst" File: c:/intelfpga_lite/18.1/quartus/libraries/megafunctions/altsource_probe_body.vhd Line: 535
Info (12128): Elaborating entity "sld_rom_sr" for hierarchy "SP_unit:U2|altsource_probe_top:in_system_sources_probes_0|altsource_probe:issp_impl|altsource_probe_body:altsource_probe_body_inst|altsource_probe_impl:\wider_source_gen:wider_source_inst|sld_rom_sr:\instance_id_gen:rom_info_inst" File: c:/intelfpga_lite/18.1/quartus/libraries/megafunctions/altsource_probe_body.vhd Line: 755
Info (11170): Starting IP generation for the debug fabric: alt_sld_fab.
Info (11172): 2024.03.01.00:13:12 Progress: Loading sld2032f0e5/alt_sld_fab_wrapper_hw.tcl
Info (11172): Alt_sld_fab.alt_sld_fab: SLD fabric agents which did not specify prefer_host were connected to JTAG
Info (11172): Alt_sld_fab: Generating alt_sld_fab "alt_sld_fab" for QUARTUS_SYNTH
Info (11172): Alt_sld_fab: "alt_sld_fab" instantiated alt_sld_fab "alt_sld_fab"
Info (11172): Presplit: "alt_sld_fab" instantiated altera_super_splitter "presplit"
Info (11172): Splitter: "alt_sld_fab" instantiated altera_sld_splitter "splitter"
Info (11172): Sldfabric: "alt_sld_fab" instantiated altera_sld_jtag_hub "sldfabric"
Info (11172): Ident: "alt_sld_fab" instantiated altera_connection_identification_hub "ident"
Info (11172): Alt_sld_fab: Done "alt_sld_fab" with 6 modules, 6 files
Info (11171): Finished IP generation for the debug fabric: alt_sld_fab.
Info (12021): Found 1 design units, including 1 entities, in source file db/ip/sld2032f0e5/alt_sld_fab.v
    Info (12023): Found entity 1: alt_sld_fab File: C:/QuartusProjects/verilog-portfolio/siren/db/ip/sld2032f0e5/alt_sld_fab.v Line: 9
Info (12021): Found 1 design units, including 1 entities, in source file db/ip/sld2032f0e5/submodules/alt_sld_fab_alt_sld_fab.v
    Info (12023): Found entity 1: alt_sld_fab_alt_sld_fab File: C:/QuartusProjects/verilog-portfolio/siren/db/ip/sld2032f0e5/submodules/alt_sld_fab_alt_sld_fab.v Line: 9
Info (12021): Found 1 design units, including 1 entities, in source file db/ip/sld2032f0e5/submodules/alt_sld_fab_alt_sld_fab_ident.sv
    Info (12023): Found entity 1: alt_sld_fab_alt_sld_fab_ident File: C:/QuartusProjects/verilog-portfolio/siren/db/ip/sld2032f0e5/submodules/alt_sld_fab_alt_sld_fab_ident.sv Line: 33
Info (12021): Found 1 design units, including 1 entities, in source file db/ip/sld2032f0e5/submodules/alt_sld_fab_alt_sld_fab_presplit.sv
    Info (12023): Found entity 1: alt_sld_fab_alt_sld_fab_presplit File: C:/QuartusProjects/verilog-portfolio/siren/db/ip/sld2032f0e5/submodules/alt_sld_fab_alt_sld_fab_presplit.sv Line: 3
Info (12021): Found 2 design units, including 1 entities, in source file db/ip/sld2032f0e5/submodules/alt_sld_fab_alt_sld_fab_sldfabric.vhd
    Info (12022): Found design unit 1: alt_sld_fab_alt_sld_fab_sldfabric-rtl File: C:/QuartusProjects/verilog-portfolio/siren/db/ip/sld2032f0e5/submodules/alt_sld_fab_alt_sld_fab_sldfabric.vhd Line: 102
    Info (12023): Found entity 1: alt_sld_fab_alt_sld_fab_sldfabric File: C:/QuartusProjects/verilog-portfolio/siren/db/ip/sld2032f0e5/submodules/alt_sld_fab_alt_sld_fab_sldfabric.vhd Line: 11
Info (12021): Found 1 design units, including 1 entities, in source file db/ip/sld2032f0e5/submodules/alt_sld_fab_alt_sld_fab_splitter.sv
    Info (12023): Found entity 1: alt_sld_fab_alt_sld_fab_splitter File: C:/QuartusProjects/verilog-portfolio/siren/db/ip/sld2032f0e5/submodules/alt_sld_fab_alt_sld_fab_splitter.sv Line: 3
Info (13014): Ignored 1 buffer(s)
    Info (13019): Ignored 1 SOFT buffer(s)
Warning (12241): 2 hierarchies have connectivity warnings - see the Connectivity Checks report folder
Info (286031): Timing-Driven Synthesis is running on partition "Top"
Info (17049): 13 registers lost all their fanouts during netlist optimizations.
Info (13000): Registers with preset signals will power-up high File: c:/intelfpga_lite/18.1/quartus/libraries/megafunctions/sld_jtag_hub.vhd Line: 386
Info (13003): DEV_CLRn pin will set, and not reset, register with preset signal due to NOT Gate Push-Back
Info (286031): Timing-Driven Synthesis is running on partition "sld_hub:auto_hub"
Info (16010): Generating hard_block partition "hard_block:auto_generated_inst"
    Info (16011): Adding 0 node(s), including 0 DDIO, 0 PLL, 0 transceiver and 0 LCELL
Info (21057): Implemented 217 device resources after synthesis - the final resource count might be different
    Info (21058): Implemented 4 input pins
    Info (21059): Implemented 1 output pins
    Info (21061): Implemented 211 logic cells
Info: Quartus Prime Analysis & Synthesis was successful. 0 errors, 2 warnings
    Info: Peak virtual memory: 4800 megabytes
    Info: Processing ended: Thu Feb 29 23:13:22 2024
    Info: Elapsed time: 00:00:25
    Info: Total CPU time (on all processors): 00:00:45


